TpTrace Verbose: 0 : 8464, 1, 2023/11/16, 18:27:43.764, 92785421525, vstest.console.dll, Version: 17.8.0-release-23468-02 Current process architecture: X64
TpTrace Verbose: 0 : 8464, 1, 2023/11/16, 18:27:43.766, 92785441639, vstest.console.dll, Runtime location: C:\Program Files\dotnet\shared\Microsoft.NETCore.App\8.0.0-rc.2.23479.6
TpTrace Verbose: 0 : 8464, 1, 2023/11/16, 18:27:43.767, 92785456354, vstest.console.dll, ArtifactProcessingPostProcessModeProcessorExecutor.Initialize: ArtifactProcessingMode.Collect
TpTrace Verbose: 0 : 8464, 1, 2023/11/16, 18:27:43.767, 92785457130, vstest.console.dll, TestSessionCorrelationIdProcessorModeProcessorExecutor.Initialize: TestSessionCorrelationId '29704_96bbca76-b3f4-45f5-b4f7-6ee26490e7d1'
TpTrace Information: 0 : 8464, 1, 2023/11/16, 18:27:43.777, 92785549423, vstest.console.dll, FilePatternParser: The given file C:\Users\isaac\OneDrive\Documents\college\sujet_speciaux\GestionBanque\GestionBanque\SujetTP3\GestionBanque.Tests\bin\Debug\net6.0-windows\fine-code-coverage\build-output\GestionBanque.Tests.dll is a full path.
TpTrace Verbose: 0 : 8464, 1, 2023/11/16, 18:27:43.780, 92785581874, vstest.console.dll, TestPluginCache.DiscoverTestExtensions: finding test extensions in assemblies ends with: RuntimeProvider.dll TPluginInfo: Microsoft.VisualStudio.TestPlatform.Common.ExtensionFramework.Utilities.TestRuntimePluginInformation TExtension: Microsoft.VisualStudio.TestPlatform.ObjectModel.Host.ITestRuntimeProvider
TpTrace Verbose: 0 : 8464, 1, 2023/11/16, 18:27:43.780, 92785584495, vstest.console.dll, TestPluginCache.GetExtensionPaths: Filtered extension paths: 
TpTrace Verbose: 0 : 8464, 1, 2023/11/16, 18:27:43.780, 92785585010, vstest.console.dll, TestPluginCache.GetExtensionPaths: Added default extension paths: C:\Program Files\dotnet\sdk\8.0.100-rc.2.23502.2\Extensions\Microsoft.Diagnostics.NETCore.Client.dll
C:\Program Files\dotnet\sdk\8.0.100-rc.2.23502.2\Extensions\Microsoft.TestPlatform.Extensions.BlameDataCollector.dll
C:\Program Files\dotnet\sdk\8.0.100-rc.2.23502.2\Extensions\Microsoft.TestPlatform.Extensions.EventLogCollector.dll
C:\Program Files\dotnet\sdk\8.0.100-rc.2.23502.2\Extensions\Microsoft.TestPlatform.TestHostRuntimeProvider.dll
C:\Program Files\dotnet\sdk\8.0.100-rc.2.23502.2\Extensions\Microsoft.VisualStudio.TestPlatform.Extensions.Html.TestLogger.dll
C:\Program Files\dotnet\sdk\8.0.100-rc.2.23502.2\Extensions\Microsoft.VisualStudio.TestPlatform.Extensions.Trx.TestLogger.dll
TpTrace Verbose: 0 : 8464, 1, 2023/11/16, 18:27:43.780, 92785585233, vstest.console.dll, TestPluginCache.GetExtensionPaths: Added unfilterableExtensionPaths: 
TpTrace Information: 0 : 8464, 1, 2023/11/16, 18:27:43.780, 92785588804, vstest.console.dll, AssemblyResolver.ctor: Creating AssemblyResolver with searchDirectories C:\Program Files\dotnet\sdk\8.0.100-rc.2.23502.2\Extensions,C:\Program Files\dotnet\sdk\8.0.100-rc.2.23502.2
TpTrace Verbose: 0 : 8464, 1, 2023/11/16, 18:27:43.782, 92785599368, vstest.console.dll, TestPluginCache.DiscoverTestExtensions: Discovering the extensions using extension path.
TpTrace Verbose: 0 : 8464, 1, 2023/11/16, 18:27:43.782, 92785600320, vstest.console.dll, TestPluginCache.GetExtensionPaths: Filtered extension paths: 
TpTrace Verbose: 0 : 8464, 1, 2023/11/16, 18:27:43.782, 92785600539, vstest.console.dll, TestPluginCache.GetExtensionPaths: Added default extension paths: C:\Program Files\dotnet\sdk\8.0.100-rc.2.23502.2\Extensions\Microsoft.Diagnostics.NETCore.Client.dll
C:\Program Files\dotnet\sdk\8.0.100-rc.2.23502.2\Extensions\Microsoft.TestPlatform.Extensions.BlameDataCollector.dll
C:\Program Files\dotnet\sdk\8.0.100-rc.2.23502.2\Extensions\Microsoft.TestPlatform.Extensions.EventLogCollector.dll
C:\Program Files\dotnet\sdk\8.0.100-rc.2.23502.2\Extensions\Microsoft.TestPlatform.TestHostRuntimeProvider.dll
C:\Program Files\dotnet\sdk\8.0.100-rc.2.23502.2\Extensions\Microsoft.VisualStudio.TestPlatform.Extensions.Html.TestLogger.dll
C:\Program Files\dotnet\sdk\8.0.100-rc.2.23502.2\Extensions\Microsoft.VisualStudio.TestPlatform.Extensions.Trx.TestLogger.dll
TpTrace Verbose: 0 : 8464, 1, 2023/11/16, 18:27:43.782, 92785601180, vstest.console.dll, TestPluginCache.GetExtensionPaths: Added unfilterableExtensionPaths: 
TpTrace Verbose: 0 : 8464, 1, 2023/11/16, 18:27:43.782, 92785601559, vstest.console.dll, TestPluginCache.DiscoverTestExtensions: Discovering the extensions using allExtensionPaths: C:\Program Files\dotnet\sdk\8.0.100-rc.2.23502.2\Extensions\Microsoft.Diagnostics.NETCore.Client.dll
C:\Program Files\dotnet\sdk\8.0.100-rc.2.23502.2\Extensions\Microsoft.TestPlatform.Extensions.BlameDataCollector.dll
C:\Program Files\dotnet\sdk\8.0.100-rc.2.23502.2\Extensions\Microsoft.TestPlatform.Extensions.EventLogCollector.dll
C:\Program Files\dotnet\sdk\8.0.100-rc.2.23502.2\Extensions\Microsoft.TestPlatform.TestHostRuntimeProvider.dll
C:\Program Files\dotnet\sdk\8.0.100-rc.2.23502.2\Extensions\Microsoft.VisualStudio.TestPlatform.Extensions.Html.TestLogger.dll
C:\Program Files\dotnet\sdk\8.0.100-rc.2.23502.2\Extensions\Microsoft.VisualStudio.TestPlatform.Extensions.Trx.TestLogger.dll
TpTrace Information: 0 : 8464, 1, 2023/11/16, 18:27:43.782, 92785602184, vstest.console.dll, AssemblyResolver.AddSearchDirectories: Adding more searchDirectories C:\Program Files\dotnet\sdk\8.0.100-rc.2.23502.2\Extensions,C:\Program Files\dotnet\sdk\8.0.100-rc.2.23502.2
TpTrace Information: 0 : 8464, 1, 2023/11/16, 18:27:43.782, 92785602464, vstest.console.dll, AssemblyResolver.AddSearchDirectories: Adding more searchDirectories C:\Program Files\dotnet\sdk\8.0.100-rc.2.23502.2\Extensions,C:\Program Files\dotnet\sdk\8.0.100-rc.2.23502.2
TpTrace Information: 0 : 8464, 1, 2023/11/16, 18:27:43.782, 92785602637, vstest.console.dll, AssemblyResolver.AddSearchDirectories: Adding more searchDirectories C:\Program Files\dotnet\sdk\8.0.100-rc.2.23502.2\Extensions,C:\Program Files\dotnet\sdk\8.0.100-rc.2.23502.2
TpTrace Information: 0 : 8464, 1, 2023/11/16, 18:27:43.782, 92785602782, vstest.console.dll, AssemblyResolver.AddSearchDirectories: Adding more searchDirectories C:\Program Files\dotnet\sdk\8.0.100-rc.2.23502.2\Extensions,C:\Program Files\dotnet\sdk\8.0.100-rc.2.23502.2
TpTrace Information: 0 : 8464, 1, 2023/11/16, 18:27:43.782, 92785602924, vstest.console.dll, AssemblyResolver.AddSearchDirectories: Adding more searchDirectories C:\Program Files\dotnet\sdk\8.0.100-rc.2.23502.2\Extensions,C:\Program Files\dotnet\sdk\8.0.100-rc.2.23502.2
TpTrace Information: 0 : 8464, 1, 2023/11/16, 18:27:43.782, 92785603114, vstest.console.dll, AssemblyResolver.AddSearchDirectories: Adding more searchDirectories C:\Program Files\dotnet\sdk\8.0.100-rc.2.23502.2\Extensions,C:\Program Files\dotnet\sdk\8.0.100-rc.2.23502.2
TpTrace Information: 0 : 8464, 1, 2023/11/16, 18:27:43.782, 92785606282, vstest.console.dll, AssemblyResolver.OnResolve: Microsoft.Diagnostics.NETCore.Client: Resolving assembly.
TpTrace Information: 0 : 8464, 1, 2023/11/16, 18:27:43.782, 92785606894, vstest.console.dll, AssemblyResolver.OnResolve: Microsoft.Diagnostics.NETCore.Client: Searching in: 'C:\Program Files\dotnet\sdk\8.0.100-rc.2.23502.2\Extensions'.
TpTrace Information: 0 : 8464, 1, 2023/11/16, 18:27:43.787, 92785655585, vstest.console.dll, AssemblyResolver.OnResolve: Microsoft.Diagnostics.NETCore.Client: Loading assembly 'C:\Program Files\dotnet\sdk\8.0.100-rc.2.23502.2\Extensions\Microsoft.Diagnostics.NETCore.Client.dll'.
TpTrace Information: 0 : 8464, 1, 2023/11/16, 18:27:43.788, 92785661563, vstest.console.dll, AssemblyResolver.OnResolve: Resolved assembly: Microsoft.Diagnostics.NETCore.Client, from path: C:\Program Files\dotnet\sdk\8.0.100-rc.2.23502.2\Extensions\Microsoft.Diagnostics.NETCore.Client.dll
TpTrace Verbose: 0 : 8464, 1, 2023/11/16, 18:27:43.791, 92785691639, vstest.console.dll, MetadataReaderExtensionsHelper: Discovering extensions inside assembly 'Microsoft.Diagnostics.NETCore.Client, Version=0.2.8.21101, Culture=neutral, PublicKeyToken=31bf3856ad364e35' file path 'C:\Program Files\dotnet\sdk\8.0.100-rc.2.23502.2\Extensions\Microsoft.Diagnostics.NETCore.Client.dll'
TpTrace Information: 0 : 8464, 1, 2023/11/16, 18:27:43.794, 92785720696, vstest.console.dll, AssemblyResolver.OnResolve: Microsoft.Bcl.AsyncInterfaces: Resolving assembly.
TpTrace Information: 0 : 8464, 1, 2023/11/16, 18:27:43.794, 92785722041, vstest.console.dll, AssemblyResolver.OnResolve: Microsoft.Bcl.AsyncInterfaces: Searching in: 'C:\Program Files\dotnet\sdk\8.0.100-rc.2.23502.2\Extensions'.
TpTrace Information: 0 : 8464, 1, 2023/11/16, 18:27:43.794, 92785722763, vstest.console.dll, AssemblyResolver.OnResolve: Microsoft.Bcl.AsyncInterfaces: Assembly path does not exist: 'C:\Program Files\dotnet\sdk\8.0.100-rc.2.23502.2\Extensions\Microsoft.Bcl.AsyncInterfaces.dll', returning.
TpTrace Information: 0 : 8464, 1, 2023/11/16, 18:27:43.794, 92785723201, vstest.console.dll, AssemblyResolver.OnResolve: Microsoft.Bcl.AsyncInterfaces: Assembly path does not exist: 'C:\Program Files\dotnet\sdk\8.0.100-rc.2.23502.2\Extensions\Microsoft.Bcl.AsyncInterfaces.exe', returning.
TpTrace Information: 0 : 8464, 1, 2023/11/16, 18:27:43.794, 92785723442, vstest.console.dll, AssemblyResolver.OnResolve: Microsoft.Bcl.AsyncInterfaces: Searching in: 'C:\Program Files\dotnet\sdk\8.0.100-rc.2.23502.2'.
TpTrace Information: 0 : 8464, 1, 2023/11/16, 18:27:43.794, 92785724037, vstest.console.dll, AssemblyResolver.OnResolve: Microsoft.Bcl.AsyncInterfaces: Assembly path does not exist: 'C:\Program Files\dotnet\sdk\8.0.100-rc.2.23502.2\Microsoft.Bcl.AsyncInterfaces.dll', returning.
TpTrace Information: 0 : 8464, 1, 2023/11/16, 18:27:43.794, 92785724479, vstest.console.dll, AssemblyResolver.OnResolve: Microsoft.Bcl.AsyncInterfaces: Assembly path does not exist: 'C:\Program Files\dotnet\sdk\8.0.100-rc.2.23502.2\Microsoft.Bcl.AsyncInterfaces.exe', returning.
TpTrace Information: 0 : 8464, 1, 2023/11/16, 18:27:43.794, 92785724700, vstest.console.dll, AssemblyResolver.OnResolve: Microsoft.Bcl.AsyncInterfaces: Failed to load assembly.
TpTrace Verbose: 0 : 8464, 1, 2023/11/16, 18:27:43.794, 92785724976, vstest.console.dll, CurrentDomainAssemblyResolve: Resolving assembly 'Microsoft.Bcl.AsyncInterfaces'.
TpTrace Information: 0 : 8464, 1, 2023/11/16, 18:27:43.794, 92785725428, vstest.console.dll, AssemblyResolver.OnResolve: Microsoft.Bcl.AsyncInterfaces: Resolving assembly.
TpTrace Information: 0 : 8464, 1, 2023/11/16, 18:27:43.794, 92785725697, vstest.console.dll, AssemblyResolver.OnResolve: Microsoft.Bcl.AsyncInterfaces: Resolved from cache.
TpTrace Verbose: 0 : 8464, 1, 2023/11/16, 18:27:43.794, 92785725935, vstest.console.dll, CurrentDomainAssemblyResolve: Resolving assembly 'Microsoft.Bcl.AsyncInterfaces'.
TpTrace Verbose: 0 : 8464, 1, 2023/11/16, 18:27:43.794, 92785726180, vstest.console.dll, CurrentDomainAssemblyResolve: Failed to resolve assembly 'Microsoft.Bcl.AsyncInterfaces'.
TpTrace Verbose: 0 : 8464, 1, 2023/11/16, 18:27:43.795, 92785733721, vstest.console.dll, CurrentDomainAssemblyResolve: Failed to resolve assembly 'Microsoft.Bcl.AsyncInterfaces'.
TpTrace Warning: 0 : 8464, 1, 2023/11/16, 18:27:43.801, 92785797873, vstest.console.dll, TestPluginDiscoverer: Failed to get types from assembly 'Microsoft.Diagnostics.NETCore.Client, Version=0.2.8.21101, Culture=neutral, PublicKeyToken=31bf3856ad364e35'. Error: System.Reflection.ReflectionTypeLoadException: Unable to load one or more of the requested types.
Could not load file or assembly 'Microsoft.Bcl.AsyncInterfaces, Version=1.0.0.0, Culture=neutral, PublicKeyToken=cc7b13ffcd2ddd51'. Le fichier spécifié est introuvable.
   at System.Reflection.RuntimeModule.GetTypes(RuntimeModule module)
   at System.Reflection.RuntimeModule.GetTypes()
   at Microsoft.VisualStudio.TestPlatform.Common.ExtensionFramework.TestPluginDiscoverer.GetTestExtensionsFromAssembly[TPluginInfo,TExtension](Assembly assembly, Dictionary`2 pluginInfos, String filePath) in /_/src/Microsoft.TestPlatform.Common/ExtensionFramework/TestPluginDiscoverer.cs:line 158
System.IO.FileNotFoundException: Could not load file or assembly 'Microsoft.Bcl.AsyncInterfaces, Version=1.0.0.0, Culture=neutral, PublicKeyToken=cc7b13ffcd2ddd51'. Le fichier spécifié est introuvable.
File name: 'Microsoft.Bcl.AsyncInterfaces, Version=1.0.0.0, Culture=neutral, PublicKeyToken=cc7b13ffcd2ddd51'
 ---> System.IO.FileNotFoundException: Could not load file or assembly 'Microsoft.Bcl.AsyncInterfaces, Culture=neutral, PublicKeyToken=null'. Le fichier spécifié est introuvable.
File name: 'Microsoft.Bcl.AsyncInterfaces, Culture=neutral, PublicKeyToken=null'
   at System.Reflection.RuntimeAssembly.InternalLoad(AssemblyName assemblyName, StackCrawlMark& stackMark, AssemblyLoadContext assemblyLoadContext, RuntimeAssembly requestingAssembly, Boolean throwOnFileNotFound)
   at System.Reflection.Assembly.Load(AssemblyName assemblyRef)
   at Microsoft.VisualStudio.TestPlatform.Common.ExtensionFramework.TestPluginCache.CurrentDomainAssemblyResolve(Object sender, AssemblyResolveEventArgs args) in /_/src/Microsoft.TestPlatform.Common/ExtensionFramework/TestPluginCache.cs:line 513
   at System.Runtime.Loader.AssemblyLoadContext.GetFirstResolvedAssemblyFromResolvingEvent(AssemblyName assemblyName)
   at System.Runtime.Loader.AssemblyLoadContext.ResolveUsingEvent(AssemblyName assemblyName)
   at System.Runtime.Loader.AssemblyLoadContext.ResolveUsingResolvingEvent(IntPtr gchManagedAssemblyLoadContext, AssemblyName assemblyName)
TpTrace Warning: 0 : 8464, 1, 2023/11/16, 18:27:43.802, 92785799991, vstest.console.dll, LoaderExceptions: System.IO.FileNotFoundException: Could not load file or assembly 'Microsoft.Bcl.AsyncInterfaces, Version=1.0.0.0, Culture=neutral, PublicKeyToken=cc7b13ffcd2ddd51'. Le fichier spécifié est introuvable.
File name: 'Microsoft.Bcl.AsyncInterfaces, Version=1.0.0.0, Culture=neutral, PublicKeyToken=cc7b13ffcd2ddd51'
 ---> System.IO.FileNotFoundException: Could not load file or assembly 'Microsoft.Bcl.AsyncInterfaces, Culture=neutral, PublicKeyToken=null'. Le fichier spécifié est introuvable.
File name: 'Microsoft.Bcl.AsyncInterfaces, Culture=neutral, PublicKeyToken=null'
   at System.Reflection.RuntimeAssembly.InternalLoad(AssemblyName assemblyName, StackCrawlMark& stackMark, AssemblyLoadContext assemblyLoadContext, RuntimeAssembly requestingAssembly, Boolean throwOnFileNotFound)
   at System.Reflection.Assembly.Load(AssemblyName assemblyRef)
   at Microsoft.VisualStudio.TestPlatform.Common.ExtensionFramework.TestPluginCache.CurrentDomainAssemblyResolve(Object sender, AssemblyResolveEventArgs args) in /_/src/Microsoft.TestPlatform.Common/ExtensionFramework/TestPluginCache.cs:line 513
   at System.Runtime.Loader.AssemblyLoadContext.GetFirstResolvedAssemblyFromResolvingEvent(AssemblyName assemblyName)
   at System.Runtime.Loader.AssemblyLoadContext.ResolveUsingEvent(AssemblyName assemblyName)
   at System.Runtime.Loader.AssemblyLoadContext.ResolveUsingResolvingEvent(IntPtr gchManagedAssemblyLoadContext, AssemblyName assemblyName)
TpTrace Information: 0 : 8464, 1, 2023/11/16, 18:27:43.802, 92785800899, vstest.console.dll, AssemblyResolver.OnResolve: Microsoft.TestPlatform.Extensions.BlameDataCollector: Resolving assembly.
TpTrace Information: 0 : 8464, 1, 2023/11/16, 18:27:43.802, 92785801197, vstest.console.dll, AssemblyResolver.OnResolve: Microsoft.TestPlatform.Extensions.BlameDataCollector: Searching in: 'C:\Program Files\dotnet\sdk\8.0.100-rc.2.23502.2\Extensions'.
TpTrace Information: 0 : 8464, 1, 2023/11/16, 18:27:43.802, 92785804492, vstest.console.dll, AssemblyResolver.OnResolve: Microsoft.TestPlatform.Extensions.BlameDataCollector: Loading assembly 'C:\Program Files\dotnet\sdk\8.0.100-rc.2.23502.2\Extensions\Microsoft.TestPlatform.Extensions.BlameDataCollector.dll'.
TpTrace Information: 0 : 8464, 1, 2023/11/16, 18:27:43.802, 92785807894, vstest.console.dll, AssemblyResolver.OnResolve: Resolved assembly: Microsoft.TestPlatform.Extensions.BlameDataCollector, from path: C:\Program Files\dotnet\sdk\8.0.100-rc.2.23502.2\Extensions\Microsoft.TestPlatform.Extensions.BlameDataCollector.dll
TpTrace Verbose: 0 : 8464, 1, 2023/11/16, 18:27:43.802, 92785808356, vstest.console.dll, MetadataReaderExtensionsHelper: Discovering extensions inside assembly 'Microsoft.TestPlatform.Extensions.BlameDataCollector, Version=15.0.0.0, Culture=neutral, PublicKeyToken=b03f5f7f11d50a3a' file path 'C:\Program Files\dotnet\sdk\8.0.100-rc.2.23502.2\Extensions\Microsoft.TestPlatform.Extensions.BlameDataCollector.dll'
TpTrace Information: 0 : 8464, 1, 2023/11/16, 18:27:43.803, 92785817266, vstest.console.dll, AssemblyResolver.OnResolve: Microsoft.TestPlatform.Extensions.EventLogCollector: Resolving assembly.
TpTrace Information: 0 : 8464, 1, 2023/11/16, 18:27:43.803, 92785817700, vstest.console.dll, AssemblyResolver.OnResolve: Microsoft.TestPlatform.Extensions.EventLogCollector: Searching in: 'C:\Program Files\dotnet\sdk\8.0.100-rc.2.23502.2\Extensions'.
TpTrace Information: 0 : 8464, 1, 2023/11/16, 18:27:43.804, 92785820229, vstest.console.dll, AssemblyResolver.OnResolve: Microsoft.TestPlatform.Extensions.EventLogCollector: Loading assembly 'C:\Program Files\dotnet\sdk\8.0.100-rc.2.23502.2\Extensions\Microsoft.TestPlatform.Extensions.EventLogCollector.dll'.
TpTrace Information: 0 : 8464, 1, 2023/11/16, 18:27:43.804, 92785822736, vstest.console.dll, AssemblyResolver.OnResolve: Resolved assembly: Microsoft.TestPlatform.Extensions.EventLogCollector, from path: C:\Program Files\dotnet\sdk\8.0.100-rc.2.23502.2\Extensions\Microsoft.TestPlatform.Extensions.EventLogCollector.dll
TpTrace Verbose: 0 : 8464, 1, 2023/11/16, 18:27:43.804, 92785823172, vstest.console.dll, MetadataReaderExtensionsHelper: Discovering extensions inside assembly 'Microsoft.TestPlatform.Extensions.EventLogCollector, Version=15.0.0.0, Culture=neutral, PublicKeyToken=b03f5f7f11d50a3a' file path 'C:\Program Files\dotnet\sdk\8.0.100-rc.2.23502.2\Extensions\Microsoft.TestPlatform.Extensions.EventLogCollector.dll'
TpTrace Information: 0 : 8464, 1, 2023/11/16, 18:27:43.805, 92785836229, vstest.console.dll, AssemblyResolver.OnResolve: Microsoft.TestPlatform.TestHostRuntimeProvider: Resolving assembly.
TpTrace Information: 0 : 8464, 1, 2023/11/16, 18:27:43.805, 92785836650, vstest.console.dll, AssemblyResolver.OnResolve: Microsoft.TestPlatform.TestHostRuntimeProvider: Searching in: 'C:\Program Files\dotnet\sdk\8.0.100-rc.2.23502.2\Extensions'.
TpTrace Information: 0 : 8464, 1, 2023/11/16, 18:27:43.805, 92785838819, vstest.console.dll, AssemblyResolver.OnResolve: Microsoft.TestPlatform.TestHostRuntimeProvider: Loading assembly 'C:\Program Files\dotnet\sdk\8.0.100-rc.2.23502.2\Extensions\Microsoft.TestPlatform.TestHostRuntimeProvider.dll'.
TpTrace Information: 0 : 8464, 1, 2023/11/16, 18:27:43.806, 92785841273, vstest.console.dll, AssemblyResolver.OnResolve: Resolved assembly: Microsoft.TestPlatform.TestHostRuntimeProvider, from path: C:\Program Files\dotnet\sdk\8.0.100-rc.2.23502.2\Extensions\Microsoft.TestPlatform.TestHostRuntimeProvider.dll
TpTrace Verbose: 0 : 8464, 1, 2023/11/16, 18:27:43.806, 92785841643, vstest.console.dll, MetadataReaderExtensionsHelper: Discovering extensions inside assembly 'Microsoft.TestPlatform.TestHostRuntimeProvider, Version=15.0.0.0, Culture=neutral, PublicKeyToken=b03f5f7f11d50a3a' file path 'C:\Program Files\dotnet\sdk\8.0.100-rc.2.23502.2\Extensions\Microsoft.TestPlatform.TestHostRuntimeProvider.dll'
TpTrace Information: 0 : 8464, 1, 2023/11/16, 18:27:43.807, 92785850241, vstest.console.dll, GetTestExtensionFromType: Register extension with identifier data 'HostProvider://DefaultTestHost' and type 'Microsoft.VisualStudio.TestPlatform.CrossPlatEngine.Hosting.DefaultTestHostManager, Microsoft.TestPlatform.TestHostRuntimeProvider, Version=15.0.0.0, Culture=neutral, PublicKeyToken=b03f5f7f11d50a3a' inside file 'C:\Program Files\dotnet\sdk\8.0.100-rc.2.23502.2\Extensions\Microsoft.TestPlatform.TestHostRuntimeProvider.dll'
TpTrace Information: 0 : 8464, 1, 2023/11/16, 18:27:43.807, 92785851903, vstest.console.dll, GetTestExtensionFromType: Register extension with identifier data 'HostProvider://DotnetTestHost' and type 'Microsoft.VisualStudio.TestPlatform.CrossPlatEngine.Hosting.DotnetTestHostManager, Microsoft.TestPlatform.TestHostRuntimeProvider, Version=15.0.0.0, Culture=neutral, PublicKeyToken=b03f5f7f11d50a3a' inside file 'C:\Program Files\dotnet\sdk\8.0.100-rc.2.23502.2\Extensions\Microsoft.TestPlatform.TestHostRuntimeProvider.dll'
TpTrace Information: 0 : 8464, 1, 2023/11/16, 18:27:43.807, 92785852375, vstest.console.dll, AssemblyResolver.OnResolve: Microsoft.VisualStudio.TestPlatform.Extensions.Html.TestLogger: Resolving assembly.
TpTrace Information: 0 : 8464, 1, 2023/11/16, 18:27:43.807, 92785852609, vstest.console.dll, AssemblyResolver.OnResolve: Microsoft.VisualStudio.TestPlatform.Extensions.Html.TestLogger: Searching in: 'C:\Program Files\dotnet\sdk\8.0.100-rc.2.23502.2\Extensions'.
TpTrace Information: 0 : 8464, 1, 2023/11/16, 18:27:43.807, 92785855157, vstest.console.dll, AssemblyResolver.OnResolve: Microsoft.VisualStudio.TestPlatform.Extensions.Html.TestLogger: Loading assembly 'C:\Program Files\dotnet\sdk\8.0.100-rc.2.23502.2\Extensions\Microsoft.VisualStudio.TestPlatform.Extensions.Html.TestLogger.dll'.
TpTrace Information: 0 : 8464, 1, 2023/11/16, 18:27:43.807, 92785857807, vstest.console.dll, AssemblyResolver.OnResolve: Resolved assembly: Microsoft.VisualStudio.TestPlatform.Extensions.Html.TestLogger, from path: C:\Program Files\dotnet\sdk\8.0.100-rc.2.23502.2\Extensions\Microsoft.VisualStudio.TestPlatform.Extensions.Html.TestLogger.dll
TpTrace Verbose: 0 : 8464, 1, 2023/11/16, 18:27:43.807, 92785858187, vstest.console.dll, MetadataReaderExtensionsHelper: Discovering extensions inside assembly 'Microsoft.VisualStudio.TestPlatform.Extensions.Html.TestLogger, Version=15.0.0.0, Culture=neutral, PublicKeyToken=b03f5f7f11d50a3a' file path 'C:\Program Files\dotnet\sdk\8.0.100-rc.2.23502.2\Extensions\Microsoft.VisualStudio.TestPlatform.Extensions.Html.TestLogger.dll'
TpTrace Information: 0 : 8464, 1, 2023/11/16, 18:27:43.808, 92785863079, vstest.console.dll, AssemblyResolver.OnResolve: Microsoft.VisualStudio.TestPlatform.Extensions.Trx.TestLogger: Resolving assembly.
TpTrace Information: 0 : 8464, 1, 2023/11/16, 18:27:43.808, 92785863512, vstest.console.dll, AssemblyResolver.OnResolve: Microsoft.VisualStudio.TestPlatform.Extensions.Trx.TestLogger: Searching in: 'C:\Program Files\dotnet\sdk\8.0.100-rc.2.23502.2\Extensions'.
TpTrace Information: 0 : 8464, 1, 2023/11/16, 18:27:43.808, 92785866265, vstest.console.dll, AssemblyResolver.OnResolve: Microsoft.VisualStudio.TestPlatform.Extensions.Trx.TestLogger: Loading assembly 'C:\Program Files\dotnet\sdk\8.0.100-rc.2.23502.2\Extensions\Microsoft.VisualStudio.TestPlatform.Extensions.Trx.TestLogger.dll'.
TpTrace Information: 0 : 8464, 1, 2023/11/16, 18:27:43.808, 92785869102, vstest.console.dll, AssemblyResolver.OnResolve: Resolved assembly: Microsoft.VisualStudio.TestPlatform.Extensions.Trx.TestLogger, from path: C:\Program Files\dotnet\sdk\8.0.100-rc.2.23502.2\Extensions\Microsoft.VisualStudio.TestPlatform.Extensions.Trx.TestLogger.dll
TpTrace Verbose: 0 : 8464, 1, 2023/11/16, 18:27:43.809, 92785869478, vstest.console.dll, MetadataReaderExtensionsHelper: Discovering extensions inside assembly 'Microsoft.VisualStudio.TestPlatform.Extensions.Trx.TestLogger, Version=15.0.0.0, Culture=neutral, PublicKeyToken=b03f5f7f11d50a3a' file path 'C:\Program Files\dotnet\sdk\8.0.100-rc.2.23502.2\Extensions\Microsoft.VisualStudio.TestPlatform.Extensions.Trx.TestLogger.dll'
TpTrace Verbose: 0 : 8464, 1, 2023/11/16, 18:27:43.809, 92785877372, vstest.console.dll, TestPluginCache: Discovered the extensions using extension path ''.
TpTrace Verbose: 0 : 8464, 1, 2023/11/16, 18:27:43.809, 92785878134, vstest.console.dll, TestPluginCache: Discoverers are ''.
TpTrace Verbose: 0 : 8464, 1, 2023/11/16, 18:27:43.809, 92785878290, vstest.console.dll, TestPluginCache: Executors are ''.
TpTrace Verbose: 0 : 8464, 1, 2023/11/16, 18:27:43.809, 92785878428, vstest.console.dll, TestPluginCache: Executors2 are ''.
TpTrace Verbose: 0 : 8464, 1, 2023/11/16, 18:27:43.809, 92785878564, vstest.console.dll, TestPluginCache: Setting providers are ''.
TpTrace Verbose: 0 : 8464, 1, 2023/11/16, 18:27:43.809, 92785878730, vstest.console.dll, TestPluginCache: Loggers are ''.
TpTrace Verbose: 0 : 8464, 1, 2023/11/16, 18:27:43.810, 92785880520, vstest.console.dll, TestPluginCache: TestHosts are 'HostProvider://DefaultTestHost,HostProvider://DotnetTestHost'.
TpTrace Verbose: 0 : 8464, 1, 2023/11/16, 18:27:43.810, 92785880780, vstest.console.dll, TestPluginCache: DataCollectors are ''.
TpTrace Information: 0 : 8464, 1, 2023/11/16, 18:27:43.818, 92785961930, vstest.console.dll, RunTestsArgumentProcessor:Execute: Test run is starting.
TpTrace Verbose: 0 : 8464, 1, 2023/11/16, 18:27:43.818, 92785962349, vstest.console.dll, RunTestsArgumentProcessor:Execute: Queuing Test run.
TpTrace Information: 0 : 8464, 1, 2023/11/16, 18:27:43.818, 92785963531, vstest.console.dll, TestRequestManager.RunTests: run tests started.
TpTrace Information: 0 : 8464, 1, 2023/11/16, 18:27:43.819, 92785971241, vstest.console.dll, AssemblyMetadataProvider.GetFrameworkName: Determined framework:'.NETCoreApp,Version=v6.0' for source: 'C:\Users\isaac\OneDrive\Documents\college\sujet_speciaux\GestionBanque\GestionBanque\SujetTP3\GestionBanque.Tests\bin\Debug\net6.0-windows\fine-code-coverage\build-output\GestionBanque.Tests.dll'
TpTrace Information: 0 : 8464, 1, 2023/11/16, 18:27:43.819, 92785972136, vstest.console.dll, Determined framework for all sources: .NETCoreApp,Version=v6.0
TpTrace Verbose: 0 : 8464, 1, 2023/11/16, 18:27:43.819, 92785974194, vstest.console.dll, TestRequestManager.UpdateRunSettingsIfRequired: Default architecture: X64 IsDefaultTargetArchitecture: True, Current process architecture: X64 OperatingSystem: Windows.
TpTrace Information: 0 : 8464, 1, 2023/11/16, 18:27:43.820, 92785983393, vstest.console.dll, AssemblyMetadataProvider.GetArchitecture: Determined architecture:AnyCPU info for assembly: C:\Users\isaac\OneDrive\Documents\college\sujet_speciaux\GestionBanque\GestionBanque\SujetTP3\GestionBanque.Tests\bin\Debug\net6.0-windows\fine-code-coverage\build-output\GestionBanque.Tests.dll
TpTrace Information: 0 : 8464, 1, 2023/11/16, 18:27:43.820, 92785983713, vstest.console.dll, Determined platform for source 'C:\Users\isaac\OneDrive\Documents\college\sujet_speciaux\GestionBanque\GestionBanque\SujetTP3\GestionBanque.Tests\bin\Debug\net6.0-windows\fine-code-coverage\build-output\GestionBanque.Tests.dll' was AnyCPU and it will use the default plaform X64.
TpTrace Information: 0 : 8464, 1, 2023/11/16, 18:27:43.820, 92785983891, vstest.console.dll, None of the sources provided any runnable platform, using the default platform: X64
TpTrace Information: 0 : 8464, 1, 2023/11/16, 18:27:43.820, 92785984484, vstest.console.dll, Platform was updated to 'X64'.
TpTrace Information: 0 : 8464, 1, 2023/11/16, 18:27:43.822, 92786003406, vstest.console.dll, InferRunSettingsHelper.IsTestSettingsEnabled: Unable to navigate to RunSettings/MSTest. Current node: RunSettings
TpTrace Information: 0 : 8464, 1, 2023/11/16, 18:27:43.822, 92786006872, vstest.console.dll, AssemblyResolver.OnResolve: Microsoft.VisualStudio.TestPlatform.Fakes: Resolving assembly.
TpTrace Information: 0 : 8464, 1, 2023/11/16, 18:27:43.822, 92786007330, vstest.console.dll, AssemblyResolver.OnResolve: Microsoft.VisualStudio.TestPlatform.Fakes: Searching in: 'C:\Program Files\dotnet\sdk\8.0.100-rc.2.23502.2\Extensions'.
TpTrace Information: 0 : 8464, 1, 2023/11/16, 18:27:43.822, 92786007794, vstest.console.dll, AssemblyResolver.OnResolve: Microsoft.VisualStudio.TestPlatform.Fakes: Assembly path does not exist: 'C:\Program Files\dotnet\sdk\8.0.100-rc.2.23502.2\Extensions\Microsoft.VisualStudio.TestPlatform.Fakes.dll', returning.
TpTrace Information: 0 : 8464, 1, 2023/11/16, 18:27:43.822, 92786008126, vstest.console.dll, AssemblyResolver.OnResolve: Microsoft.VisualStudio.TestPlatform.Fakes: Assembly path does not exist: 'C:\Program Files\dotnet\sdk\8.0.100-rc.2.23502.2\Extensions\Microsoft.VisualStudio.TestPlatform.Fakes.exe', returning.
TpTrace Information: 0 : 8464, 1, 2023/11/16, 18:27:43.822, 92786008280, vstest.console.dll, AssemblyResolver.OnResolve: Microsoft.VisualStudio.TestPlatform.Fakes: Searching in: 'C:\Program Files\dotnet\sdk\8.0.100-rc.2.23502.2'.
TpTrace Information: 0 : 8464, 1, 2023/11/16, 18:27:43.822, 92786008661, vstest.console.dll, AssemblyResolver.OnResolve: Microsoft.VisualStudio.TestPlatform.Fakes: Assembly path does not exist: 'C:\Program Files\dotnet\sdk\8.0.100-rc.2.23502.2\Microsoft.VisualStudio.TestPlatform.Fakes.dll', returning.
TpTrace Information: 0 : 8464, 1, 2023/11/16, 18:27:43.822, 92786009019, vstest.console.dll, AssemblyResolver.OnResolve: Microsoft.VisualStudio.TestPlatform.Fakes: Assembly path does not exist: 'C:\Program Files\dotnet\sdk\8.0.100-rc.2.23502.2\Microsoft.VisualStudio.TestPlatform.Fakes.exe', returning.
TpTrace Information: 0 : 8464, 1, 2023/11/16, 18:27:43.823, 92786009171, vstest.console.dll, AssemblyResolver.OnResolve: Microsoft.VisualStudio.TestPlatform.Fakes: Failed to load assembly.
TpTrace Information: 0 : 8464, 1, 2023/11/16, 18:27:43.823, 92786010946, vstest.console.dll, Failed to load assembly Microsoft.VisualStudio.TestPlatform.Fakes, Version=17.0.0.0, Culture=neutral. Reason:System.IO.FileNotFoundException: Could not load file or assembly 'Microsoft.VisualStudio.TestPlatform.Fakes, Version=17.0.0.0, Culture=neutral, PublicKeyToken=null'. Le fichier spécifié est introuvable.
File name: 'Microsoft.VisualStudio.TestPlatform.Fakes, Version=17.0.0.0, Culture=neutral, PublicKeyToken=null'
   at System.Reflection.RuntimeAssembly.InternalLoad(AssemblyName assemblyName, StackCrawlMark& stackMark, AssemblyLoadContext assemblyLoadContext, RuntimeAssembly requestingAssembly, Boolean throwOnFileNotFound)
   at System.Reflection.Assembly.Load(AssemblyName assemblyRef)
   at Microsoft.VisualStudio.TestPlatform.Common.Utilities.FakesUtilities.LoadTestPlatformAssembly() in /_/src/Microsoft.TestPlatform.Common/Utilities/FakesUtilities.cs:line 272
TpTrace Verbose: 0 : 8464, 1, 2023/11/16, 18:27:43.825, 92786029994, vstest.console.dll, TestPluginCache.DiscoverTestExtensions: finding test extensions in assemblies ends with: TestLogger.dll TPluginInfo: Microsoft.VisualStudio.TestPlatform.Common.ExtensionFramework.Utilities.TestLoggerPluginInformation TExtension: Microsoft.VisualStudio.TestPlatform.ObjectModel.Client.ITestLogger
TpTrace Verbose: 0 : 8464, 1, 2023/11/16, 18:27:43.825, 92786030574, vstest.console.dll, TestPluginCache.GetExtensionPaths: Filtered extension paths: 
TpTrace Verbose: 0 : 8464, 1, 2023/11/16, 18:27:43.825, 92786030758, vstest.console.dll, TestPluginCache.GetExtensionPaths: Added default extension paths: C:\Program Files\dotnet\sdk\8.0.100-rc.2.23502.2\Extensions\Microsoft.Diagnostics.NETCore.Client.dll
C:\Program Files\dotnet\sdk\8.0.100-rc.2.23502.2\Extensions\Microsoft.TestPlatform.Extensions.BlameDataCollector.dll
C:\Program Files\dotnet\sdk\8.0.100-rc.2.23502.2\Extensions\Microsoft.TestPlatform.Extensions.EventLogCollector.dll
C:\Program Files\dotnet\sdk\8.0.100-rc.2.23502.2\Extensions\Microsoft.TestPlatform.TestHostRuntimeProvider.dll
C:\Program Files\dotnet\sdk\8.0.100-rc.2.23502.2\Extensions\Microsoft.VisualStudio.TestPlatform.Extensions.Html.TestLogger.dll
C:\Program Files\dotnet\sdk\8.0.100-rc.2.23502.2\Extensions\Microsoft.VisualStudio.TestPlatform.Extensions.Trx.TestLogger.dll
TpTrace Verbose: 0 : 8464, 1, 2023/11/16, 18:27:43.825, 92786030900, vstest.console.dll, TestPluginCache.GetExtensionPaths: Added unfilterableExtensionPaths: 
TpTrace Information: 0 : 8464, 1, 2023/11/16, 18:27:43.825, 92786031635, vstest.console.dll, AssemblyResolver.AddSearchDirectories: Adding more searchDirectories C:\Program Files\dotnet\sdk\8.0.100-rc.2.23502.2\Extensions,C:\Program Files\dotnet\sdk\8.0.100-rc.2.23502.2
TpTrace Verbose: 0 : 8464, 1, 2023/11/16, 18:27:43.825, 92786031882, vstest.console.dll, TestPluginCache.DiscoverTestExtensions: Discovering the extensions using extension path.
TpTrace Verbose: 0 : 8464, 1, 2023/11/16, 18:27:43.825, 92786032048, vstest.console.dll, TestPluginCache.GetExtensionPaths: Filtered extension paths: 
TpTrace Verbose: 0 : 8464, 1, 2023/11/16, 18:27:43.825, 92786032219, vstest.console.dll, TestPluginCache.GetExtensionPaths: Added default extension paths: C:\Program Files\dotnet\sdk\8.0.100-rc.2.23502.2\Extensions\Microsoft.Diagnostics.NETCore.Client.dll
C:\Program Files\dotnet\sdk\8.0.100-rc.2.23502.2\Extensions\Microsoft.TestPlatform.Extensions.BlameDataCollector.dll
C:\Program Files\dotnet\sdk\8.0.100-rc.2.23502.2\Extensions\Microsoft.TestPlatform.Extensions.EventLogCollector.dll
C:\Program Files\dotnet\sdk\8.0.100-rc.2.23502.2\Extensions\Microsoft.TestPlatform.TestHostRuntimeProvider.dll
C:\Program Files\dotnet\sdk\8.0.100-rc.2.23502.2\Extensions\Microsoft.VisualStudio.TestPlatform.Extensions.Html.TestLogger.dll
C:\Program Files\dotnet\sdk\8.0.100-rc.2.23502.2\Extensions\Microsoft.VisualStudio.TestPlatform.Extensions.Trx.TestLogger.dll
TpTrace Verbose: 0 : 8464, 1, 2023/11/16, 18:27:43.825, 92786032737, vstest.console.dll, TestPluginCache.GetExtensionPaths: Added unfilterableExtensionPaths: 
TpTrace Verbose: 0 : 8464, 1, 2023/11/16, 18:27:43.825, 92786032955, vstest.console.dll, TestPluginCache.DiscoverTestExtensions: Discovering the extensions using allExtensionPaths: C:\Program Files\dotnet\sdk\8.0.100-rc.2.23502.2\Extensions\Microsoft.Diagnostics.NETCore.Client.dll
C:\Program Files\dotnet\sdk\8.0.100-rc.2.23502.2\Extensions\Microsoft.TestPlatform.Extensions.BlameDataCollector.dll
C:\Program Files\dotnet\sdk\8.0.100-rc.2.23502.2\Extensions\Microsoft.TestPlatform.Extensions.EventLogCollector.dll
C:\Program Files\dotnet\sdk\8.0.100-rc.2.23502.2\Extensions\Microsoft.TestPlatform.TestHostRuntimeProvider.dll
C:\Program Files\dotnet\sdk\8.0.100-rc.2.23502.2\Extensions\Microsoft.VisualStudio.TestPlatform.Extensions.Html.TestLogger.dll
C:\Program Files\dotnet\sdk\8.0.100-rc.2.23502.2\Extensions\Microsoft.VisualStudio.TestPlatform.Extensions.Trx.TestLogger.dll
TpTrace Information: 0 : 8464, 1, 2023/11/16, 18:27:43.825, 92786033223, vstest.console.dll, AssemblyResolver.AddSearchDirectories: Adding more searchDirectories C:\Program Files\dotnet\sdk\8.0.100-rc.2.23502.2\Extensions,C:\Program Files\dotnet\sdk\8.0.100-rc.2.23502.2
TpTrace Information: 0 : 8464, 1, 2023/11/16, 18:27:43.825, 92786033375, vstest.console.dll, AssemblyResolver.AddSearchDirectories: Adding more searchDirectories C:\Program Files\dotnet\sdk\8.0.100-rc.2.23502.2\Extensions,C:\Program Files\dotnet\sdk\8.0.100-rc.2.23502.2
TpTrace Information: 0 : 8464, 1, 2023/11/16, 18:27:43.825, 92786033513, vstest.console.dll, AssemblyResolver.AddSearchDirectories: Adding more searchDirectories C:\Program Files\dotnet\sdk\8.0.100-rc.2.23502.2\Extensions,C:\Program Files\dotnet\sdk\8.0.100-rc.2.23502.2
TpTrace Information: 0 : 8464, 1, 2023/11/16, 18:27:43.825, 92786033668, vstest.console.dll, AssemblyResolver.AddSearchDirectories: Adding more searchDirectories C:\Program Files\dotnet\sdk\8.0.100-rc.2.23502.2\Extensions,C:\Program Files\dotnet\sdk\8.0.100-rc.2.23502.2
TpTrace Information: 0 : 8464, 1, 2023/11/16, 18:27:43.825, 92786033804, vstest.console.dll, AssemblyResolver.AddSearchDirectories: Adding more searchDirectories C:\Program Files\dotnet\sdk\8.0.100-rc.2.23502.2\Extensions,C:\Program Files\dotnet\sdk\8.0.100-rc.2.23502.2
TpTrace Information: 0 : 8464, 1, 2023/11/16, 18:27:43.825, 92786033938, vstest.console.dll, AssemblyResolver.AddSearchDirectories: Adding more searchDirectories C:\Program Files\dotnet\sdk\8.0.100-rc.2.23502.2\Extensions,C:\Program Files\dotnet\sdk\8.0.100-rc.2.23502.2
TpTrace Verbose: 0 : 8464, 1, 2023/11/16, 18:27:43.825, 92786034649, vstest.console.dll, MetadataReaderExtensionsHelper: Discovering extensions inside assembly 'Microsoft.Diagnostics.NETCore.Client, Version=0.2.8.21101, Culture=neutral, PublicKeyToken=31bf3856ad364e35' file path 'C:\Program Files\dotnet\sdk\8.0.100-rc.2.23502.2\Extensions\Microsoft.Diagnostics.NETCore.Client.dll'
TpTrace Information: 0 : 8464, 1, 2023/11/16, 18:27:43.826, 92786041084, vstest.console.dll, AssemblyResolver.OnResolve: Microsoft.Bcl.AsyncInterfaces: Resolving assembly.
TpTrace Information: 0 : 8464, 1, 2023/11/16, 18:27:43.826, 92786041471, vstest.console.dll, AssemblyResolver.OnResolve: Microsoft.Bcl.AsyncInterfaces: Resolved from cache.
TpTrace Verbose: 0 : 8464, 1, 2023/11/16, 18:27:43.826, 92786041637, vstest.console.dll, CurrentDomainAssemblyResolve: Resolving assembly 'Microsoft.Bcl.AsyncInterfaces'.
TpTrace Information: 0 : 8464, 1, 2023/11/16, 18:27:43.826, 92786041896, vstest.console.dll, AssemblyResolver.OnResolve: Microsoft.Bcl.AsyncInterfaces: Resolving assembly.
TpTrace Information: 0 : 8464, 1, 2023/11/16, 18:27:43.826, 92786042030, vstest.console.dll, AssemblyResolver.OnResolve: Microsoft.Bcl.AsyncInterfaces: Resolved from cache.
TpTrace Verbose: 0 : 8464, 1, 2023/11/16, 18:27:43.826, 92786042153, vstest.console.dll, CurrentDomainAssemblyResolve: Resolving assembly 'Microsoft.Bcl.AsyncInterfaces'.
TpTrace Verbose: 0 : 8464, 1, 2023/11/16, 18:27:43.826, 92786042299, vstest.console.dll, CurrentDomainAssemblyResolve: Failed to resolve assembly 'Microsoft.Bcl.AsyncInterfaces'.
TpTrace Verbose: 0 : 8464, 1, 2023/11/16, 18:27:43.826, 92786043195, vstest.console.dll, CurrentDomainAssemblyResolve: Failed to resolve assembly 'Microsoft.Bcl.AsyncInterfaces'.
TpTrace Warning: 0 : 8464, 1, 2023/11/16, 18:27:43.826, 92786045386, vstest.console.dll, TestPluginDiscoverer: Failed to get types from assembly 'Microsoft.Diagnostics.NETCore.Client, Version=0.2.8.21101, Culture=neutral, PublicKeyToken=31bf3856ad364e35'. Error: System.Reflection.ReflectionTypeLoadException: Unable to load one or more of the requested types.
Could not load file or assembly 'Microsoft.Bcl.AsyncInterfaces, Version=1.0.0.0, Culture=neutral, PublicKeyToken=cc7b13ffcd2ddd51'. Le fichier spécifié est introuvable.
   at System.Reflection.RuntimeModule.GetTypes(RuntimeModule module)
   at System.Reflection.RuntimeModule.GetTypes()
   at Microsoft.VisualStudio.TestPlatform.Common.ExtensionFramework.TestPluginDiscoverer.GetTestExtensionsFromAssembly[TPluginInfo,TExtension](Assembly assembly, Dictionary`2 pluginInfos, String filePath) in /_/src/Microsoft.TestPlatform.Common/ExtensionFramework/TestPluginDiscoverer.cs:line 158
System.IO.FileNotFoundException: Could not load file or assembly 'Microsoft.Bcl.AsyncInterfaces, Version=1.0.0.0, Culture=neutral, PublicKeyToken=cc7b13ffcd2ddd51'. Le fichier spécifié est introuvable.
File name: 'Microsoft.Bcl.AsyncInterfaces, Version=1.0.0.0, Culture=neutral, PublicKeyToken=cc7b13ffcd2ddd51'
 ---> System.IO.FileNotFoundException: Could not load file or assembly 'Microsoft.Bcl.AsyncInterfaces, Culture=neutral, PublicKeyToken=null'. Le fichier spécifié est introuvable.
File name: 'Microsoft.Bcl.AsyncInterfaces, Culture=neutral, PublicKeyToken=null'
   at System.Reflection.RuntimeAssembly.InternalLoad(AssemblyName assemblyName, StackCrawlMark& stackMark, AssemblyLoadContext assemblyLoadContext, RuntimeAssembly requestingAssembly, Boolean throwOnFileNotFound)
   at System.Reflection.Assembly.Load(AssemblyName assemblyRef)
   at Microsoft.VisualStudio.TestPlatform.Common.ExtensionFramework.TestPluginCache.CurrentDomainAssemblyResolve(Object sender, AssemblyResolveEventArgs args) in /_/src/Microsoft.TestPlatform.Common/ExtensionFramework/TestPluginCache.cs:line 513
   at System.Runtime.Loader.AssemblyLoadContext.GetFirstResolvedAssemblyFromResolvingEvent(AssemblyName assemblyName)
   at System.Runtime.Loader.AssemblyLoadContext.ResolveUsingEvent(AssemblyName assemblyName)
   at System.Runtime.Loader.AssemblyLoadContext.ResolveUsingResolvingEvent(IntPtr gchManagedAssemblyLoadContext, AssemblyName assemblyName)
TpTrace Warning: 0 : 8464, 1, 2023/11/16, 18:27:43.826, 92786046323, vstest.console.dll, LoaderExceptions: System.IO.FileNotFoundException: Could not load file or assembly 'Microsoft.Bcl.AsyncInterfaces, Version=1.0.0.0, Culture=neutral, PublicKeyToken=cc7b13ffcd2ddd51'. Le fichier spécifié est introuvable.
File name: 'Microsoft.Bcl.AsyncInterfaces, Version=1.0.0.0, Culture=neutral, PublicKeyToken=cc7b13ffcd2ddd51'
 ---> System.IO.FileNotFoundException: Could not load file or assembly 'Microsoft.Bcl.AsyncInterfaces, Culture=neutral, PublicKeyToken=null'. Le fichier spécifié est introuvable.
File name: 'Microsoft.Bcl.AsyncInterfaces, Culture=neutral, PublicKeyToken=null'
   at System.Reflection.RuntimeAssembly.InternalLoad(AssemblyName assemblyName, StackCrawlMark& stackMark, AssemblyLoadContext assemblyLoadContext, RuntimeAssembly requestingAssembly, Boolean throwOnFileNotFound)
   at System.Reflection.Assembly.Load(AssemblyName assemblyRef)
   at Microsoft.VisualStudio.TestPlatform.Common.ExtensionFramework.TestPluginCache.CurrentDomainAssemblyResolve(Object sender, AssemblyResolveEventArgs args) in /_/src/Microsoft.TestPlatform.Common/ExtensionFramework/TestPluginCache.cs:line 513
   at System.Runtime.Loader.AssemblyLoadContext.GetFirstResolvedAssemblyFromResolvingEvent(AssemblyName assemblyName)
   at System.Runtime.Loader.AssemblyLoadContext.ResolveUsingEvent(AssemblyName assemblyName)
   at System.Runtime.Loader.AssemblyLoadContext.ResolveUsingResolvingEvent(IntPtr gchManagedAssemblyLoadContext, AssemblyName assemblyName)
TpTrace Verbose: 0 : 8464, 1, 2023/11/16, 18:27:43.826, 92786046759, vstest.console.dll, MetadataReaderExtensionsHelper: Discovering extensions inside assembly 'Microsoft.TestPlatform.Extensions.BlameDataCollector, Version=15.0.0.0, Culture=neutral, PublicKeyToken=b03f5f7f11d50a3a' file path 'C:\Program Files\dotnet\sdk\8.0.100-rc.2.23502.2\Extensions\Microsoft.TestPlatform.Extensions.BlameDataCollector.dll'
TpTrace Information: 0 : 8464, 1, 2023/11/16, 18:27:43.827, 92786050093, vstest.console.dll, GetTestExtensionFromType: Register extension with identifier data 'logger://Microsoft/TestPlatform/Extensions/Blame/v1' and type 'Microsoft.TestPlatform.Extensions.BlameDataCollector.BlameLogger, Microsoft.TestPlatform.Extensions.BlameDataCollector, Version=15.0.0.0, Culture=neutral, PublicKeyToken=b03f5f7f11d50a3a' inside file 'C:\Program Files\dotnet\sdk\8.0.100-rc.2.23502.2\Extensions\Microsoft.TestPlatform.Extensions.BlameDataCollector.dll'
TpTrace Verbose: 0 : 8464, 1, 2023/11/16, 18:27:43.827, 92786050458, vstest.console.dll, MetadataReaderExtensionsHelper: Discovering extensions inside assembly 'Microsoft.TestPlatform.Extensions.EventLogCollector, Version=15.0.0.0, Culture=neutral, PublicKeyToken=b03f5f7f11d50a3a' file path 'C:\Program Files\dotnet\sdk\8.0.100-rc.2.23502.2\Extensions\Microsoft.TestPlatform.Extensions.EventLogCollector.dll'
TpTrace Verbose: 0 : 8464, 1, 2023/11/16, 18:27:43.827, 92786052887, vstest.console.dll, MetadataReaderExtensionsHelper: Discovering extensions inside assembly 'Microsoft.TestPlatform.TestHostRuntimeProvider, Version=15.0.0.0, Culture=neutral, PublicKeyToken=b03f5f7f11d50a3a' file path 'C:\Program Files\dotnet\sdk\8.0.100-rc.2.23502.2\Extensions\Microsoft.TestPlatform.TestHostRuntimeProvider.dll'
TpTrace Verbose: 0 : 8464, 1, 2023/11/16, 18:27:43.827, 92786055200, vstest.console.dll, MetadataReaderExtensionsHelper: Discovering extensions inside assembly 'Microsoft.VisualStudio.TestPlatform.Extensions.Html.TestLogger, Version=15.0.0.0, Culture=neutral, PublicKeyToken=b03f5f7f11d50a3a' file path 'C:\Program Files\dotnet\sdk\8.0.100-rc.2.23502.2\Extensions\Microsoft.VisualStudio.TestPlatform.Extensions.Html.TestLogger.dll'
TpTrace Information: 0 : 8464, 1, 2023/11/16, 18:27:43.828, 92786060065, vstest.console.dll, GetTestExtensionFromType: Register extension with identifier data 'logger://Microsoft/TestPlatform/HtmlLogger/v1' and type 'Microsoft.VisualStudio.TestPlatform.Extensions.HtmlLogger.HtmlLogger, Microsoft.VisualStudio.TestPlatform.Extensions.Html.TestLogger, Version=15.0.0.0, Culture=neutral, PublicKeyToken=b03f5f7f11d50a3a' inside file 'C:\Program Files\dotnet\sdk\8.0.100-rc.2.23502.2\Extensions\Microsoft.VisualStudio.TestPlatform.Extensions.Html.TestLogger.dll'
TpTrace Verbose: 0 : 8464, 1, 2023/11/16, 18:27:43.828, 92786060704, vstest.console.dll, MetadataReaderExtensionsHelper: Discovering extensions inside assembly 'Microsoft.VisualStudio.TestPlatform.Extensions.Trx.TestLogger, Version=15.0.0.0, Culture=neutral, PublicKeyToken=b03f5f7f11d50a3a' file path 'C:\Program Files\dotnet\sdk\8.0.100-rc.2.23502.2\Extensions\Microsoft.VisualStudio.TestPlatform.Extensions.Trx.TestLogger.dll'
TpTrace Information: 0 : 8464, 1, 2023/11/16, 18:27:43.828, 92786064050, vstest.console.dll, GetTestExtensionFromType: Register extension with identifier data 'logger://Microsoft/TestPlatform/TrxLogger/v1' and type 'Microsoft.VisualStudio.TestPlatform.Extensions.TrxLogger.TrxLogger, Microsoft.VisualStudio.TestPlatform.Extensions.Trx.TestLogger, Version=15.0.0.0, Culture=neutral, PublicKeyToken=b03f5f7f11d50a3a' inside file 'C:\Program Files\dotnet\sdk\8.0.100-rc.2.23502.2\Extensions\Microsoft.VisualStudio.TestPlatform.Extensions.Trx.TestLogger.dll'
TpTrace Verbose: 0 : 8464, 1, 2023/11/16, 18:27:43.828, 92786064518, vstest.console.dll, TestPluginCache: Discovered the extensions using extension path ''.
TpTrace Verbose: 0 : 8464, 1, 2023/11/16, 18:27:43.828, 92786064669, vstest.console.dll, TestPluginCache: Discoverers are ''.
TpTrace Verbose: 0 : 8464, 1, 2023/11/16, 18:27:43.828, 92786064788, vstest.console.dll, TestPluginCache: Executors are ''.
TpTrace Verbose: 0 : 8464, 1, 2023/11/16, 18:27:43.828, 92786064903, vstest.console.dll, TestPluginCache: Executors2 are ''.
TpTrace Verbose: 0 : 8464, 1, 2023/11/16, 18:27:43.828, 92786065019, vstest.console.dll, TestPluginCache: Setting providers are ''.
TpTrace Verbose: 0 : 8464, 1, 2023/11/16, 18:27:43.828, 92786065396, vstest.console.dll, TestPluginCache: Loggers are 'logger://Microsoft/TestPlatform/Extensions/Blame/v1,logger://Microsoft/TestPlatform/HtmlLogger/v1,logger://Microsoft/TestPlatform/TrxLogger/v1'.
TpTrace Verbose: 0 : 8464, 1, 2023/11/16, 18:27:43.828, 92786065631, vstest.console.dll, TestPluginCache: TestHosts are 'HostProvider://DefaultTestHost,HostProvider://DotnetTestHost'.
TpTrace Verbose: 0 : 8464, 1, 2023/11/16, 18:27:43.828, 92786065759, vstest.console.dll, TestPluginCache: DataCollectors are ''.
TpTrace Information: 0 : 8464, 1, 2023/11/16, 18:27:43.829, 92786070519, vstest.console.dll, TestPluginManager.CreateTestExtension: Attempting to load test extension: Microsoft.TestPlatform.Extensions.BlameDataCollector.BlameLogger
TpTrace Verbose: 0 : 8464, 1, 2023/11/16, 18:27:43.833, 92786114884, vstest.console.dll, TestEngine: Initializing Parallel Execution as MaxCpuCount is set to: 1
TpTrace Information: 0 : 8464, 1, 2023/11/16, 18:27:43.834, 92786123237, vstest.console.dll, TestPluginManager.CreateTestExtension: Attempting to load test extension: Microsoft.VisualStudio.TestPlatform.CrossPlatEngine.Hosting.DefaultTestHostManager
TpTrace Information: 0 : 8464, 1, 2023/11/16, 18:27:43.834, 92786128394, vstest.console.dll, TestPluginManager.CreateTestExtension: Attempting to load test extension: Microsoft.VisualStudio.TestPlatform.CrossPlatEngine.Hosting.DotnetTestHostManager
TpTrace Information: 0 : 8464, 1, 2023/11/16, 18:27:43.835, 92786131438, vstest.console.dll, InferRunSettingsHelper.IsTestSettingsEnabled: Unable to navigate to RunSettings/MSTest. Current node: RunSettings
TpTrace Verbose: 0 : 8464, 1, 2023/11/16, 18:27:43.835, 92786134376, vstest.console.dll, ParallelOperationManager.ClearSlots: Clearing all slots. Slots should accept more work: True
TpTrace Verbose: 0 : 8464, 1, 2023/11/16, 18:27:43.835, 92786137845, vstest.console.dll, ParallelOperationManager.SetOccupiedSlotCount: Setting slot counts AvailableSlotCount = 1, OccupiedSlotCount = 0.
TpTrace Verbose: 0 : 8464, 1, 2023/11/16, 18:27:43.836, 92786139572, vstest.console.dll, Occupied slots:

TpTrace Verbose: 0 : 8464, 1, 2023/11/16, 18:27:43.837, 92786159041, vstest.console.dll, TestEngine.GetExecutionManager: Chosen execution manager 'Microsoft.VisualStudio.TestPlatform.CrossPlatEngine.Client.Parallel.ParallelProxyExecutionManager, Microsoft.TestPlatform.CrossPlatEngine, Version=15.0.0.0, Culture=neutral, PublicKeyToken=b03f5f7f11d50a3a' ParallelLevel '1'.
TpTrace Verbose: 0 : 8464, 1, 2023/11/16, 18:27:43.838, 92786159744, vstest.console.dll, TestRunRequest.ExecuteAsync: Creating test run request.
TpTrace Verbose: 0 : 8464, 1, 2023/11/16, 18:27:43.838, 92786160910, vstest.console.dll, TestRunRequest.ExecuteAsync: Starting.
TpTrace Information: 0 : 8464, 1, 2023/11/16, 18:27:43.838, 92786167809, vstest.console.dll, TestRunRequest.ExecuteAsync: Starting run with settings:TestRunCriteria:
   KeepAlive=False,FrequencyOfRunStatsChangeEvent=10,RunStatsChangeEventTimeout=00:00:01.5000000,TestCaseFilter=,TestExecutorLauncher=
   Settingsxml=<RunSettings>
  <RunConfiguration>
    <ResultsDirectory>C:\Users\isaac\OneDrive\Documents\college\sujet_speciaux\GestionBanque\GestionBanque\SujetTP3\GestionBanque.Tests\bin\Debug\net6.0-windows\fine-code-coverage\coverage-tool-output</ResultsDirectory>
    <TargetPlatform>X64</TargetPlatform>
    <TargetFrameworkVersion>.NETCoreApp,Version=v6.0</TargetFrameworkVersion>
    <DesignMode>False</DesignMode>
    <CollectSourceInformation>False</CollectSourceInformation>
  </RunConfiguration>
  <LoggerRunSettings>
    <Loggers>
      <Logger friendlyName="blame" enabled="True" />
      <Logger friendlyName="Console" uri="logger://microsoft/TestPlatform/ConsoleLogger/v1" assemblyQualifiedName="Microsoft.VisualStudio.TestPlatform.CommandLine.Internal.ConsoleLogger, vstest.console, Version=15.0.0.0, Culture=neutral, PublicKeyToken=b03f5f7f11d50a3a" codeBase="C:\Program Files\dotnet\sdk\8.0.100-rc.2.23502.2\vstest.console.dll" enabled="True" />
    </Loggers>
  </LoggerRunSettings>
  <DataCollectionRunSettings>
    <DataCollectors>
      <DataCollector friendlyName="blame" enabled="True">
        <Configuration>
          <ResultsDirectory>C:\Users\isaac\OneDrive\Documents\college\sujet_speciaux\GestionBanque\GestionBanque\SujetTP3\GestionBanque.Tests\bin\Debug\net6.0-windows\fine-code-coverage\coverage-tool-output</ResultsDirectory>
        </Configuration>
      </DataCollector>
    </DataCollectors>
  </DataCollectionRunSettings>
</RunSettings>

TpTrace Verbose: 0 : 8464, 1, 2023/11/16, 18:27:43.838, 92786168182, vstest.console.dll, TestRunRequest.ExecuteAsync: Wait for the first run request is over.
TpTrace Verbose: 0 : 8464, 1, 2023/11/16, 18:27:43.839, 92786169598, vstest.console.dll, MulticastDelegateUtilities.SafeInvoke: TestRun.TestRunStart: Invoking callbacks was skipped because there are no subscribers.
TpTrace Verbose: 0 : 8464, 4, 2023/11/16, 18:27:43.839, 92786170894, vstest.console.dll, MulticastDelegateUtilities.SafeInvoke: InternalTestLoggerEvents.SendTestRunStart: Invoking callback 1/1 for Microsoft.VisualStudio.TestPlatform.CommandLine.Internal.ConsoleLogger., took 0 ms.
TpTrace Verbose: 0 : 8464, 1, 2023/11/16, 18:27:43.839, 92786175862, vstest.console.dll, ParallelProxyExecutionManager: Start execution. Total sources: 1
TpTrace Verbose: 0 : 8464, 1, 2023/11/16, 18:27:43.839, 92786178783, vstest.console.dll, ParallelOperationManager.StartWork: Starting adding 1 workloads.
TpTrace Verbose: 0 : 8464, 1, 2023/11/16, 18:27:43.840, 92786179126, vstest.console.dll, ParallelOperationManager.ClearSlots: Clearing all slots. Slots should accept more work: True
TpTrace Verbose: 0 : 8464, 1, 2023/11/16, 18:27:43.840, 92786179670, vstest.console.dll, ParallelOperationManager.SetOccupiedSlotCount: Setting slot counts AvailableSlotCount = 1, OccupiedSlotCount = 0.
TpTrace Verbose: 0 : 8464, 1, 2023/11/16, 18:27:43.840, 92786179972, vstest.console.dll, Occupied slots:

TpTrace Verbose: 0 : 8464, 1, 2023/11/16, 18:27:43.840, 92786188448, vstest.console.dll, TestRequestSender is acting as server.
TpTrace Verbose: 0 : 8464, 1, 2023/11/16, 18:27:43.841, 92786194217, vstest.console.dll, ParallelOperationManager.RunWorkInParallel: Adding 1 workload to slot, remaining workloads 0.
TpTrace Verbose: 0 : 8464, 1, 2023/11/16, 18:27:43.841, 92786194559, vstest.console.dll, ParallelOperationManager.SetOccupiedSlotCount: Setting slot counts AvailableSlotCount = 0, OccupiedSlotCount = 1.
TpTrace Verbose: 0 : 8464, 1, 2023/11/16, 18:27:43.841, 92786195120, vstest.console.dll, Occupied slots:
0: C:\Users\isaac\OneDrive\Documents\college\sujet_speciaux\GestionBanque\GestionBanque\SujetTP3\GestionBanque.Tests\bin\Debug\net6.0-windows\fine-code-coverage\build-output\GestionBanque.Tests.dll
TpTrace Verbose: 0 : 8464, 1, 2023/11/16, 18:27:43.842, 92786200964, vstest.console.dll, ParallelOperationManager.RunWorkInParallel: Started host in slot number 0 for work (source): C:\Users\isaac\OneDrive\Documents\college\sujet_speciaux\GestionBanque\GestionBanque\SujetTP3\GestionBanque.Tests\bin\Debug\net6.0-windows\fine-code-coverage\build-output\GestionBanque.Tests.dll.
TpTrace Verbose: 0 : 8464, 1, 2023/11/16, 18:27:43.842, 92786206451, vstest.console.dll, ParallelOperationManager.RunWorkInParallel: We started 1 work items, which is the max parallel level. Won't start more work.
TpTrace Verbose: 0 : 8464, 1, 2023/11/16, 18:27:43.842, 92786207032, vstest.console.dll, ParallelOperationManager.RunWorkInParallel: We started 1 work items in here, returning True.
TpTrace Information: 0 : 8464, 1, 2023/11/16, 18:27:43.842, 92786207193, vstest.console.dll, TestRunRequest.ExecuteAsync: Started.
TpTrace Verbose: 0 : 8464, 5, 2023/11/16, 18:27:43.842, 92786208896, vstest.console.dll, ParallelProxyExecutionManager.StartTestRunOnConcurrentManager: Initializing uninitialized client. Started clients: 0
TpTrace Verbose: 0 : 8464, 5, 2023/11/16, 18:27:43.843, 92786209927, vstest.console.dll, DataCollectionRequestSender.InitializeCommunication : Initialize communication. 
TpTrace Verbose: 0 : 8464, 1, 2023/11/16, 18:27:43.843, 92786210986, vstest.console.dll, TestRunRequest.WaitForCompletion: Waiting with timeout -1.
TpTrace Information: 0 : 8464, 5, 2023/11/16, 18:27:43.847, 92786249503, vstest.console.dll, Listening on Endpoint : 127.0.0.1:50704
TpTrace Verbose: 0 : 8464, 5, 2023/11/16, 18:27:43.850, 92786287043, vstest.console.dll, DotnetDataCollectionLauncher: Adding  --runtimeconfig "C:\Program Files\dotnet\sdk\8.0.100-rc.2.23502.2\datacollector.runtimeconfig.json" in args
TpTrace Verbose: 0 : 8464, 5, 2023/11/16, 18:27:43.850, 92786287666, vstest.console.dll, DotnetDataCollectionLauncher: Adding  --depsfile "C:\Program Files\dotnet\sdk\8.0.100-rc.2.23502.2\datacollector.deps.json" in args
TpTrace Verbose: 0 : 8464, 5, 2023/11/16, 18:27:43.850, 92786288530, vstest.console.dll, DotnetDataCollectionLauncher: Full path of dotnet.exe is C:\Program Files\dotnet\dotnet.exe
TpTrace Information: 0 : 8464, 5, 2023/11/16, 18:27:43.855, 92786338058, vstest.console.dll, ProxyDataCollectionManager.Initialize: Launched datacollector processId: 1940 port: 50704
TpTrace Information: 0 : 8464, 5, 2023/11/16, 18:27:43.856, 92786339396, vstest.console.dll, ProxyDataCollectionManager.Initialize: waiting for connection with timeout: 90 seconds
TpTrace Verbose: 0 : 8464, 5, 2023/11/16, 18:27:43.856, 92786339906, vstest.console.dll, DataCollectionRequestSender.WaitForRequestHandlerConnection : Waiting for connection with timeout: 90000
TpTrace Verbose: 0 : 8464, 5, 2023/11/16, 18:27:43.950, 92787288301, vstest.console.dll, SocketCommunicationManager.WaitForClientConnection took: 94 ms, with 90000 ms timeout, and finished with True.
TpTrace Information: 0 : 8464, 7, 2023/11/16, 18:27:43.950, 92787288218, vstest.console.dll, Using the buffer size of 16384 bytes
TpTrace Information: 0 : 8464, 7, 2023/11/16, 18:27:43.951, 92787289724, vstest.console.dll, Accepted Client request and set the flag
TpTrace Verbose: 0 : 8464, 5, 2023/11/16, 18:27:43.951, 92787289847, vstest.console.dll, ProxyDataCollectionManager.InvokeDataCollectionServiceAction: Starting.
TpTrace Information: 0 : 8464, 5, 2023/11/16, 18:27:43.951, 92787290547, vstest.console.dll, ProxyDataCollectionManager.BeforeTestRunStart: Get environment variable and port for datacollector processId: 1940 port: 50704
TpTrace Verbose: 0 : 8464, 5, 2023/11/16, 18:27:43.951, 92787291561, vstest.console.dll, DataCollectionRequestSender.SendBeforeTestRunStartAndGetResult: Send BeforeTestRunStart message with settingsXml <RunSettings><RunConfiguration><ResultsDirectory>C:\Users\isaac\OneDrive\Documents\college\sujet_speciaux\GestionBanque\GestionBanque\SujetTP3\GestionBanque.Tests\bin\Debug\net6.0-windows\fine-code-coverage\coverage-tool-output</ResultsDirectory><TargetPlatform>X64</TargetPlatform><TargetFrameworkVersion>.NETCoreApp,Version=v6.0</TargetFrameworkVersion><DesignMode>False</DesignMode><CollectSourceInformation>False</CollectSourceInformation><TestAdaptersPaths>C:\Program Files\dotnet\sdk\8.0.100-rc.2.23502.2\Extensions</TestAdaptersPaths></RunConfiguration><LoggerRunSettings><Loggers><Logger friendlyName="blame" enabled="True" /><Logger friendlyName="Console" uri="logger://microsoft/TestPlatform/ConsoleLogger/v1" assemblyQualifiedName="Microsoft.VisualStudio.TestPlatform.CommandLine.Internal.ConsoleLogger, vstest.console, Version=15.0.0.0, Culture=neutral, PublicKeyToken=b03f5f7f11d50a3a" codeBase="C:\Program Files\dotnet\sdk\8.0.100-rc.2.23502.2\vstest.console.dll" enabled="True" /></Loggers></LoggerRunSettings><DataCollectionRunSettings><DataCollectors><DataCollector friendlyName="blame" enabled="True"><Configuration><ResultsDirectory>C:\Users\isaac\OneDrive\Documents\college\sujet_speciaux\GestionBanque\GestionBanque\SujetTP3\GestionBanque.Tests\bin\Debug\net6.0-windows\fine-code-coverage\coverage-tool-output</ResultsDirectory></Configuration></DataCollector></DataCollectors></DataCollectionRunSettings></RunSettings> and sources System.Collections.Generic.List`1[System.String]: 
TpTrace Verbose: 0 : 8464, 5, 2023/11/16, 18:27:43.982, 92787608512, vstest.console.dll, DataCollectionRequestSender.SendBeforeTestRunStartAndGetResult: Received message: (DataCollection.SendMessage) -> {"MessageType":"DataCollection.SendMessage","Payload":{"FriendlyName":null,"Uri":null,"TestCaseId":"00000000-0000-0000-0000-000000000000","Message":"Logging DataCollector Diagnostics in file: C:\\Users\\isaac\\OneDrive\\Documents\\college\\sujet_speciaux\\GestionBanque\\GestionBanque\\SujetTP3\\GestionBanque.Tests\\bin\\Debug\\net6.0-windows\\fine-code-coverage\\coverage-tool-output\\diagnostics.datacollector.23-11-16_18-27-43_85065_5.log","Level":0}}
TpTrace Verbose: 0 : 8464, 5, 2023/11/16, 18:27:44.033, 92788115940, vstest.console.dll, DataCollectionRequestSender.SendBeforeTestRunStartAndGetResult: Received message: (DataCollection.BeforeTestRunStartResult) -> {"MessageType":"DataCollection.BeforeTestRunStartResult","Payload":{"EnvironmentVariables":{},"DataCollectionEventsPort":50706}}
TpTrace Information: 0 : 8464, 5, 2023/11/16, 18:27:44.036, 92788143253, vstest.console.dll, ProxyDataCollectionManager.BeforeTestRunStart: SendBeforeTestRunStartAndGetResult successful, env variable from datacollector:   and testhost port: 50706
TpTrace Information: 0 : 8464, 5, 2023/11/16, 18:27:44.036, 92788143737, vstest.console.dll, ProxyDataCollectionManager.InvokeDataCollectionServiceAction: Completed.
TpTrace Verbose: 0 : 8464, 5, 2023/11/16, 18:27:44.036, 92788143908, vstest.console.dll, ParallelProxyExecutionManager.StartTestRunOnConcurrentManager: Initializing test run. Started clients: 0
TpTrace Verbose: 0 : 8464, 5, 2023/11/16, 18:27:44.036, 92788144404, vstest.console.dll, ProxyExecutionManager: Test host is always Lazy initialize.
TpTrace Verbose: 0 : 8464, 5, 2023/11/16, 18:27:44.036, 92788145908, vstest.console.dll, TestRequestSender.InitializeCommunication: initialize communication. 
TpTrace Information: 0 : 8464, 5, 2023/11/16, 18:27:44.036, 92788148925, vstest.console.dll, SocketServer.Start: Listening on endpoint : 127.0.0.1:50707
TpTrace Verbose: 0 : 8464, 5, 2023/11/16, 18:27:44.037, 92788153370, vstest.console.dll, DotnetTestHostmanager.GetTestHostProcessStartInfo: Platform environment 'X64' target architecture 'X64' framework '.NETCoreApp,Version=v6.0' OS 'Windows'
TpTrace Verbose: 0 : 8464, 5, 2023/11/16, 18:27:44.037, 92788154516, vstest.console.dll, DotnetTestHostmanager: Adding  --runtimeconfig "C:\Users\isaac\OneDrive\Documents\college\sujet_speciaux\GestionBanque\GestionBanque\SujetTP3\GestionBanque.Tests\bin\Debug\net6.0-windows\fine-code-coverage\build-output\GestionBanque.Tests.runtimeconfig.json" in args
TpTrace Verbose: 0 : 8464, 5, 2023/11/16, 18:27:44.037, 92788155019, vstest.console.dll, DotnetTestHostmanager: Adding  --depsfile "C:\Users\isaac\OneDrive\Documents\college\sujet_speciaux\GestionBanque\GestionBanque\SujetTP3\GestionBanque.Tests\bin\Debug\net6.0-windows\fine-code-coverage\build-output\GestionBanque.Tests.deps.json" in args
TpTrace Verbose: 0 : 8464, 5, 2023/11/16, 18:27:44.037, 92788155970, vstest.console.dll, DotnetTestHostmanager.IsWinOnArm: Current PROCESSOR_ARCHITECTURE from environment variable 'AMD64'
TpTrace Verbose: 0 : 8464, 5, 2023/11/16, 18:27:44.037, 92788156246, vstest.console.dll, DotnetTestHostmanager.IsWinOnArm: Is Windows on ARM 'False'
TpTrace Verbose: 0 : 8464, 5, 2023/11/16, 18:27:44.037, 92788156663, vstest.console.dll, DotnetTestHostManager: testhost.exe found at path: C:\Users\isaac\OneDrive\Documents\college\sujet_speciaux\GestionBanque\GestionBanque\SujetTP3\GestionBanque.Tests\bin\Debug\net6.0-windows\fine-code-coverage\build-output\testhost.exe
TpTrace Verbose: 0 : 8464, 5, 2023/11/16, 18:27:44.037, 92788156920, vstest.console.dll, DotnetTestHostmanager: Full path of host exe is C:\Users\isaac\OneDrive\Documents\college\sujet_speciaux\GestionBanque\GestionBanque\SujetTP3\GestionBanque.Tests\bin\Debug\net6.0-windows\fine-code-coverage\build-output\testhost.exe
TpTrace Verbose: 0 : 8464, 5, 2023/11/16, 18:27:44.037, 92788157553, vstest.console.dll, DotnetTestHostmanager.LaunchTestHostAsync: Found 'VSTEST_WINAPPHOST_DOTNET_ROOT' in env variables, value 'C:\Program Files\dotnet', forwarding to 'DOTNET_ROOT'
TpTrace Verbose: 0 : 8464, 5, 2023/11/16, 18:27:44.037, 92788158536, vstest.console.dll, DotnetTestHostManager: Starting process 'C:\Users\isaac\OneDrive\Documents\college\sujet_speciaux\GestionBanque\GestionBanque\SujetTP3\GestionBanque.Tests\bin\Debug\net6.0-windows\fine-code-coverage\build-output\testhost.exe' with command line ' --runtimeconfig "C:\Users\isaac\OneDrive\Documents\college\sujet_speciaux\GestionBanque\GestionBanque\SujetTP3\GestionBanque.Tests\bin\Debug\net6.0-windows\fine-code-coverage\build-output\GestionBanque.Tests.runtimeconfig.json" --depsfile "C:\Users\isaac\OneDrive\Documents\college\sujet_speciaux\GestionBanque\GestionBanque\SujetTP3\GestionBanque.Tests\bin\Debug\net6.0-windows\fine-code-coverage\build-output\GestionBanque.Tests.deps.json" --port 50707 --endpoint 127.0.0.1:050707 --role client --parentprocessid 8464 --diag "C:\Users\isaac\OneDrive\Documents\college\sujet_speciaux\GestionBanque\GestionBanque\SujetTP3\GestionBanque.Tests\bin\Debug\net6.0-windows\fine-code-coverage\coverage-tool-output\diagnostics.host.23-11-16_18-27-44_03720_5.log" --tracelevel 4 --datacollectionport 50706 --telemetryoptedin false'
TpTrace Verbose: 0 : 8464, 5, 2023/11/16, 18:27:44.042, 92788208052, vstest.console.dll, MulticastDelegateUtilities.SafeInvoke: HostProviderEvents.OnHostLaunched: Invoking callback 1/2 for Microsoft.VisualStudio.TestPlatform.CrossPlatEngine.Client.ProxyExecutionManagerWithDataCollection., took 0 ms.
TpTrace Verbose: 0 : 8464, 5, 2023/11/16, 18:27:44.043, 92788209728, vstest.console.dll, Test Runtime launched
TpTrace Verbose: 0 : 8464, 5, 2023/11/16, 18:27:44.043, 92788210055, vstest.console.dll, MulticastDelegateUtilities.SafeInvoke: HostProviderEvents.OnHostLaunched: Invoking callback 2/2 for Microsoft.VisualStudio.TestPlatform.CrossPlatEngine.Client.ProxyOperationManager., took 0 ms.
TpTrace Verbose: 0 : 8464, 5, 2023/11/16, 18:27:44.043, 92788210693, vstest.console.dll, TestRequestSender.WaitForRequestHandlerConnection: waiting for connection with timeout: 90000.
TpTrace Verbose: 0 : 8464, 12, 2023/11/16, 18:27:44.146, 92789245612, vstest.console.dll, MulticastDelegateUtilities.SafeInvoke: SocketServer: ClientConnected: Invoking callback 1/1 for Microsoft.VisualStudio.TestPlatform.CommunicationUtilities.TestRequestSender., took 0 ms.
TpTrace Verbose: 0 : 8464, 5, 2023/11/16, 18:27:44.146, 92789245630, vstest.console.dll, TestRequestSender.WaitForRequestHandlerConnection: waiting took 103 ms, with timeout 90000 ms, and result 0, which is success.
TpTrace Verbose: 0 : 8464, 12, 2023/11/16, 18:27:44.146, 92789246431, vstest.console.dll, SocketServer.OnClientConnected: Client connected for endPoint: 127.0.0.1:50707, starting MessageLoopAsync:
TpTrace Verbose: 0 : 8464, 14, 2023/11/16, 18:27:44.147, 92789250471, vstest.console.dll, TcpClientExtensions.MessageLoopAsync: Polling on remoteEndPoint: 127.0.0.1:50708 localEndPoint: 127.0.0.1:50707
TpTrace Verbose: 0 : 8464, 5, 2023/11/16, 18:27:44.147, 92789252713, vstest.console.dll, TestRequestSender.CheckVersionWithTestHost: Sending check version message: {"MessageType":"ProtocolVersion","Payload":7}
TpTrace Verbose: 0 : 8464, 14, 2023/11/16, 18:27:44.237, 92790150088, vstest.console.dll, TcpClientExtensions.MessageLoopAsync: NotifyDataAvailable remoteEndPoint: 127.0.0.1:50708 localEndPoint: 127.0.0.1:50707
TpTrace Verbose: 0 : 8464, 14, 2023/11/16, 18:27:44.237, 92790152116, vstest.console.dll, TestRequestSender.CheckVersionWithTestHost: onMessageReceived received message: (ProtocolVersion) -> {"MessageType":"ProtocolVersion","Payload":7}
TpTrace Verbose: 0 : 8464, 14, 2023/11/16, 18:27:44.237, 92790156607, vstest.console.dll, MulticastDelegateUtilities.SafeInvoke: LengthPrefixCommunicationChannel: MessageReceived: Invoking callback 1/1 for Microsoft.VisualStudio.TestPlatform.CommunicationUtilities.TestRequestSender+<>c__DisplayClass29_0., took 0 ms.
TpTrace Verbose: 0 : 8464, 14, 2023/11/16, 18:27:44.237, 92790157263, vstest.console.dll, TcpClientExtensions.MessageLoopAsync: Polling on remoteEndPoint: 127.0.0.1:50708 localEndPoint: 127.0.0.1:50707
TpTrace Verbose: 0 : 8464, 5, 2023/11/16, 18:27:44.237, 92790157566, vstest.console.dll, TestPluginCache.GetExtensionPaths: Filtered extension paths: 
TpTrace Verbose: 0 : 8464, 5, 2023/11/16, 18:27:44.237, 92790158085, vstest.console.dll, TestPluginCache.GetExtensionPaths: Added default extension paths: C:\Program Files\dotnet\sdk\8.0.100-rc.2.23502.2\Extensions\Microsoft.Diagnostics.NETCore.Client.dll
C:\Program Files\dotnet\sdk\8.0.100-rc.2.23502.2\Extensions\Microsoft.TestPlatform.Extensions.BlameDataCollector.dll
C:\Program Files\dotnet\sdk\8.0.100-rc.2.23502.2\Extensions\Microsoft.TestPlatform.Extensions.EventLogCollector.dll
C:\Program Files\dotnet\sdk\8.0.100-rc.2.23502.2\Extensions\Microsoft.TestPlatform.TestHostRuntimeProvider.dll
C:\Program Files\dotnet\sdk\8.0.100-rc.2.23502.2\Extensions\Microsoft.VisualStudio.TestPlatform.Extensions.Html.TestLogger.dll
C:\Program Files\dotnet\sdk\8.0.100-rc.2.23502.2\Extensions\Microsoft.VisualStudio.TestPlatform.Extensions.Trx.TestLogger.dll
TpTrace Verbose: 0 : 8464, 5, 2023/11/16, 18:27:44.237, 92790158275, vstest.console.dll, TestPluginCache.GetExtensionPaths: Added unfilterableExtensionPaths: 
TpTrace Verbose: 0 : 8464, 5, 2023/11/16, 18:27:44.239, 92790175041, vstest.console.dll, TestRequestSender.InitializeExecution: Sending initialize execution with message: {"Version":7,"MessageType":"TestExecution.Initialize","Payload":["C:\\Users\\isaac\\OneDrive\\Documents\\college\\sujet_speciaux\\GestionBanque\\GestionBanque\\SujetTP3\\GestionBanque.Tests\\bin\\Debug\\net6.0-windows\\fine-code-coverage\\build-output\\xunit.runner.visualstudio.dotnetcore.testadapter.dll"]}
TpTrace Verbose: 0 : 8464, 5, 2023/11/16, 18:27:44.239, 92790176022, vstest.console.dll, ParallelProxyExecutionManager.StartTestRunOnConcurrentManager: Execution starting. Started clients: 1
TpTrace Verbose: 0 : 8464, 5, 2023/11/16, 18:27:44.239, 92790177487, vstest.console.dll, TestRunRequest:SendTestRunMessage: Starting.
TpTrace Verbose: 0 : 8464, 5, 2023/11/16, 18:27:44.239, 92790178349, vstest.console.dll, MulticastDelegateUtilities.SafeInvoke: TestRun.LogMessages: Invoking callback 1/1 for Microsoft.VisualStudio.TestPlatform.CommandLine.TestRunResultAggregator., took 0 ms.
TpTrace Information: 0 : 8464, 5, 2023/11/16, 18:27:44.239, 92790178515, vstest.console.dll, TestRunRequest:SendTestRunMessage: Completed.
TpTrace Verbose: 0 : 8464, 4, 2023/11/16, 18:27:44.240, 92790180227, vstest.console.dll, MulticastDelegateUtilities.SafeInvoke: InternalTestLoggerEvents.SendTestRunMessage: Invoking callback 1/1 for Microsoft.VisualStudio.TestPlatform.CommandLine.Internal.ConsoleLogger., took 0 ms.
TpTrace Warning: 0 : 8464, 5, 2023/11/16, 18:27:44.240, 92790180711, vstest.console.dll, InferRunSettingsHelper.MakeRunsettingsCompatible: Removing the following settings: TargetPlatform from RunSettings file. To use those settings please move to latest version of Microsoft.NET.Test.Sdk
TpTrace Verbose: 0 : 8464, 14, 2023/11/16, 18:27:44.240, 92790185068, vstest.console.dll, TcpClientExtensions.MessageLoopAsync: NotifyDataAvailable remoteEndPoint: 127.0.0.1:50708 localEndPoint: 127.0.0.1:50707
TpTrace Verbose: 0 : 8464, 14, 2023/11/16, 18:27:44.240, 92790186741, vstest.console.dll, TestRequestSender.OnExecutionMessageReceived: Received message: {"Version":7,"MessageType":"TestSession.Message","Payload":{"MessageLevel":0,"Message":"Logging TestHost Diagnostics in file: C:\\Users\\isaac\\OneDrive\\Documents\\college\\sujet_speciaux\\GestionBanque\\GestionBanque\\SujetTP3\\GestionBanque.Tests\\bin\\Debug\\net6.0-windows\\fine-code-coverage\\coverage-tool-output\\diagnostics.host.23-11-16_18-27-44_03720_5.log"}}
TpTrace Verbose: 0 : 8464, 14, 2023/11/16, 18:27:44.242, 92790201817, vstest.console.dll, TestRunRequest:SendTestRunMessage: Starting.
TpTrace Verbose: 0 : 8464, 14, 2023/11/16, 18:27:44.242, 92790202419, vstest.console.dll, MulticastDelegateUtilities.SafeInvoke: TestRun.LogMessages: Invoking callback 1/1 for Microsoft.VisualStudio.TestPlatform.CommandLine.TestRunResultAggregator., took 0 ms.
TpTrace Information: 0 : 8464, 14, 2023/11/16, 18:27:44.242, 92790202567, vstest.console.dll, TestRunRequest:SendTestRunMessage: Completed.
TpTrace Verbose: 0 : 8464, 14, 2023/11/16, 18:27:44.242, 92790202909, vstest.console.dll, MulticastDelegateUtilities.SafeInvoke: LengthPrefixCommunicationChannel: MessageReceived: Invoking callback 1/1 for Microsoft.VisualStudio.TestPlatform.CommunicationUtilities.TestRequestSender+<>c__DisplayClass34_0., took 1 ms.
TpTrace Verbose: 0 : 8464, 14, 2023/11/16, 18:27:44.242, 92790203057, vstest.console.dll, TcpClientExtensions.MessageLoopAsync: Polling on remoteEndPoint: 127.0.0.1:50708 localEndPoint: 127.0.0.1:50707
TpTrace Verbose: 0 : 8464, 4, 2023/11/16, 18:27:44.242, 92790203150, vstest.console.dll, MulticastDelegateUtilities.SafeInvoke: InternalTestLoggerEvents.SendTestRunMessage: Invoking callback 1/1 for Microsoft.VisualStudio.TestPlatform.CommandLine.Internal.ConsoleLogger., took 0 ms.
TpTrace Verbose: 0 : 8464, 5, 2023/11/16, 18:27:44.243, 92790213472, vstest.console.dll, TestRequestSender.StartTestRun: Sending test run with message: {"Version":7,"MessageType":"TestExecution.StartWithSources","Payload":{"AdapterSourceMap":{"_none_":["C:\\Users\\isaac\\OneDrive\\Documents\\college\\sujet_speciaux\\GestionBanque\\GestionBanque\\SujetTP3\\GestionBanque.Tests\\bin\\Debug\\net6.0-windows\\fine-code-coverage\\build-output\\GestionBanque.Tests.dll"]},"RunSettings":"<RunSettings>\r\n  <RunConfiguration>\r\n    <ResultsDirectory>C:\\Users\\isaac\\OneDrive\\Documents\\college\\sujet_speciaux\\GestionBanque\\GestionBanque\\SujetTP3\\GestionBanque.Tests\\bin\\Debug\\net6.0-windows\\fine-code-coverage\\coverage-tool-output</ResultsDirectory>\r\n    <TargetFrameworkVersion>.NETCoreApp,Version=v6.0</TargetFrameworkVersion>\r\n    <DesignMode>False</DesignMode>\r\n    <CollectSourceInformation>False</CollectSourceInformation>\r\n  </RunConfiguration>\r\n  <LoggerRunSettings>\r\n    <Loggers>\r\n      <Logger friendlyName=\"blame\" enabled=\"True\" />\r\n      <Logger friendlyName=\"Console\" uri=\"logger://microsoft/TestPlatform/ConsoleLogger/v1\" assemblyQualifiedName=\"Microsoft.VisualStudio.TestPlatform.CommandLine.Internal.ConsoleLogger, vstest.console, Version=15.0.0.0, Culture=neutral, PublicKeyToken=b03f5f7f11d50a3a\" codeBase=\"C:\\Program Files\\dotnet\\sdk\\8.0.100-rc.2.23502.2\\vstest.console.dll\" enabled=\"True\" />\r\n    </Loggers>\r\n  </LoggerRunSettings>\r\n  <DataCollectionRunSettings>\r\n    <DataCollectors>\r\n      <DataCollector friendlyName=\"blame\" enabled=\"True\">\r\n        <Configuration>\r\n          <ResultsDirectory>C:\\Users\\isaac\\OneDrive\\Documents\\college\\sujet_speciaux\\GestionBanque\\GestionBanque\\SujetTP3\\GestionBanque.Tests\\bin\\Debug\\net6.0-windows\\fine-code-coverage\\coverage-tool-output</ResultsDirectory>\r\n        </Configuration>\r\n      </DataCollector>\r\n    </DataCollectors>\r\n  </DataCollectionRunSettings>\r\n</RunSettings>","TestExecutionContext":{"FrequencyOfRunStatsChangeEvent":10,"RunStatsChangeEventTimeout":"00:00:01.5000000","InIsolation":false,"KeepAlive":false,"AreTestCaseLevelEventsRequired":false,"IsDebug":false,"TestCaseFilter":null,"FilterOptions":null},"Package":null}}
TpTrace Verbose: 0 : 8464, 5, 2023/11/16, 18:27:44.243, 92790214223, vstest.console.dll, ParallelProxyExecutionManager.StartTestRunOnConcurrentManager: Execution started. Started clients: 1
TpTrace Verbose: 0 : 8464, 14, 2023/11/16, 18:27:44.345, 92791237414, vstest.console.dll, TcpClientExtensions.MessageLoopAsync: NotifyDataAvailable remoteEndPoint: 127.0.0.1:50708 localEndPoint: 127.0.0.1:50707
TpTrace Verbose: 0 : 8464, 14, 2023/11/16, 18:27:44.345, 92791238975, vstest.console.dll, TestRequestSender.OnExecutionMessageReceived: Received message: {"Version":7,"MessageType":"TestSession.Message","Payload":{"MessageLevel":0,"Message":"[xUnit.net 00:00:00.00] xUnit.net VSTest Adapter v2.4.5+1caef2f33e (64-bit .NET 6.0.25)"}}
TpTrace Verbose: 0 : 8464, 14, 2023/11/16, 18:27:44.346, 92791240807, vstest.console.dll, TestRunRequest:SendTestRunMessage: Starting.
TpTrace Verbose: 0 : 8464, 14, 2023/11/16, 18:27:44.346, 92791241210, vstest.console.dll, MulticastDelegateUtilities.SafeInvoke: TestRun.LogMessages: Invoking callback 1/1 for Microsoft.VisualStudio.TestPlatform.CommandLine.TestRunResultAggregator., took 0 ms.
TpTrace Information: 0 : 8464, 14, 2023/11/16, 18:27:44.346, 92791241362, vstest.console.dll, TestRunRequest:SendTestRunMessage: Completed.
TpTrace Verbose: 0 : 8464, 14, 2023/11/16, 18:27:44.346, 92791241496, vstest.console.dll, MulticastDelegateUtilities.SafeInvoke: LengthPrefixCommunicationChannel: MessageReceived: Invoking callback 1/1 for Microsoft.VisualStudio.TestPlatform.CommunicationUtilities.TestRequestSender+<>c__DisplayClass34_0., took 0 ms.
TpTrace Verbose: 0 : 8464, 14, 2023/11/16, 18:27:44.346, 92791241644, vstest.console.dll, TcpClientExtensions.MessageLoopAsync: Polling on remoteEndPoint: 127.0.0.1:50708 localEndPoint: 127.0.0.1:50707
TpTrace Verbose: 0 : 8464, 4, 2023/11/16, 18:27:44.346, 92791241621, vstest.console.dll, MulticastDelegateUtilities.SafeInvoke: InternalTestLoggerEvents.SendTestRunMessage: Invoking callback 1/1 for Microsoft.VisualStudio.TestPlatform.CommandLine.Internal.ConsoleLogger., took 0 ms.
TpTrace Verbose: 0 : 8464, 14, 2023/11/16, 18:27:44.871, 92796494877, vstest.console.dll, TcpClientExtensions.MessageLoopAsync: NotifyDataAvailable remoteEndPoint: 127.0.0.1:50708 localEndPoint: 127.0.0.1:50707
TpTrace Verbose: 0 : 8464, 14, 2023/11/16, 18:27:44.871, 92796497546, vstest.console.dll, TestRequestSender.OnExecutionMessageReceived: Received message: {"Version":7,"MessageType":"TestSession.Message","Payload":{"MessageLevel":0,"Message":"[xUnit.net 00:00:00.52]   Discovering: GestionBanque.Tests"}}
TpTrace Verbose: 0 : 8464, 14, 2023/11/16, 18:27:44.872, 92796499216, vstest.console.dll, TestRunRequest:SendTestRunMessage: Starting.
TpTrace Verbose: 0 : 8464, 14, 2023/11/16, 18:27:44.872, 92796499794, vstest.console.dll, MulticastDelegateUtilities.SafeInvoke: TestRun.LogMessages: Invoking callback 1/1 for Microsoft.VisualStudio.TestPlatform.CommandLine.TestRunResultAggregator., took 0 ms.
TpTrace Information: 0 : 8464, 14, 2023/11/16, 18:27:44.872, 92796500227, vstest.console.dll, TestRunRequest:SendTestRunMessage: Completed.
TpTrace Verbose: 0 : 8464, 4, 2023/11/16, 18:27:44.872, 92796500177, vstest.console.dll, MulticastDelegateUtilities.SafeInvoke: InternalTestLoggerEvents.SendTestRunMessage: Invoking callback 1/1 for Microsoft.VisualStudio.TestPlatform.CommandLine.Internal.ConsoleLogger., took 0 ms.
TpTrace Verbose: 0 : 8464, 14, 2023/11/16, 18:27:44.872, 92796500921, vstest.console.dll, MulticastDelegateUtilities.SafeInvoke: LengthPrefixCommunicationChannel: MessageReceived: Invoking callback 1/1 for Microsoft.VisualStudio.TestPlatform.CommunicationUtilities.TestRequestSender+<>c__DisplayClass34_0., took 0 ms.
TpTrace Verbose: 0 : 8464, 14, 2023/11/16, 18:27:44.872, 92796501167, vstest.console.dll, TcpClientExtensions.MessageLoopAsync: Polling on remoteEndPoint: 127.0.0.1:50708 localEndPoint: 127.0.0.1:50707
TpTrace Verbose: 0 : 8464, 14, 2023/11/16, 18:27:44.898, 92796768724, vstest.console.dll, TcpClientExtensions.MessageLoopAsync: NotifyDataAvailable remoteEndPoint: 127.0.0.1:50708 localEndPoint: 127.0.0.1:50707
TpTrace Verbose: 0 : 8464, 14, 2023/11/16, 18:27:44.899, 92796770252, vstest.console.dll, TestRequestSender.OnExecutionMessageReceived: Received message: {"Version":7,"MessageType":"TestSession.Message","Payload":{"MessageLevel":0,"Message":"[xUnit.net 00:00:00.55]   Discovered:  GestionBanque.Tests"}}
TpTrace Verbose: 0 : 8464, 14, 2023/11/16, 18:27:44.899, 92796771490, vstest.console.dll, TestRunRequest:SendTestRunMessage: Starting.
TpTrace Verbose: 0 : 8464, 14, 2023/11/16, 18:27:44.899, 92796771909, vstest.console.dll, MulticastDelegateUtilities.SafeInvoke: TestRun.LogMessages: Invoking callback 1/1 for Microsoft.VisualStudio.TestPlatform.CommandLine.TestRunResultAggregator., took 0 ms.
TpTrace Information: 0 : 8464, 14, 2023/11/16, 18:27:44.899, 92796772095, vstest.console.dll, TestRunRequest:SendTestRunMessage: Completed.
TpTrace Verbose: 0 : 8464, 14, 2023/11/16, 18:27:44.899, 92796772349, vstest.console.dll, MulticastDelegateUtilities.SafeInvoke: LengthPrefixCommunicationChannel: MessageReceived: Invoking callback 1/1 for Microsoft.VisualStudio.TestPlatform.CommunicationUtilities.TestRequestSender+<>c__DisplayClass34_0., took 0 ms.
TpTrace Verbose: 0 : 8464, 4, 2023/11/16, 18:27:44.899, 92796772409, vstest.console.dll, MulticastDelegateUtilities.SafeInvoke: InternalTestLoggerEvents.SendTestRunMessage: Invoking callback 1/1 for Microsoft.VisualStudio.TestPlatform.CommandLine.Internal.ConsoleLogger., took 0 ms.
TpTrace Verbose: 0 : 8464, 14, 2023/11/16, 18:27:44.899, 92796772573, vstest.console.dll, TcpClientExtensions.MessageLoopAsync: Polling on remoteEndPoint: 127.0.0.1:50708 localEndPoint: 127.0.0.1:50707
TpTrace Verbose: 0 : 8464, 14, 2023/11/16, 18:27:44.900, 92796781789, vstest.console.dll, TcpClientExtensions.MessageLoopAsync: NotifyDataAvailable remoteEndPoint: 127.0.0.1:50708 localEndPoint: 127.0.0.1:50707
TpTrace Verbose: 0 : 8464, 14, 2023/11/16, 18:27:44.900, 92796782171, vstest.console.dll, TestRequestSender.OnExecutionMessageReceived: Received message: {"Version":7,"MessageType":"TestSession.Message","Payload":{"MessageLevel":0,"Message":"[xUnit.net 00:00:00.55]   Starting:    GestionBanque.Tests"}}
TpTrace Verbose: 0 : 8464, 14, 2023/11/16, 18:27:44.900, 92796782625, vstest.console.dll, TestRunRequest:SendTestRunMessage: Starting.
TpTrace Verbose: 0 : 8464, 14, 2023/11/16, 18:27:44.900, 92796782955, vstest.console.dll, MulticastDelegateUtilities.SafeInvoke: TestRun.LogMessages: Invoking callback 1/1 for Microsoft.VisualStudio.TestPlatform.CommandLine.TestRunResultAggregator., took 0 ms.
TpTrace Information: 0 : 8464, 14, 2023/11/16, 18:27:44.900, 92796783130, vstest.console.dll, TestRunRequest:SendTestRunMessage: Completed.
TpTrace Verbose: 0 : 8464, 4, 2023/11/16, 18:27:44.900, 92796783185, vstest.console.dll, MulticastDelegateUtilities.SafeInvoke: InternalTestLoggerEvents.SendTestRunMessage: Invoking callback 1/1 for Microsoft.VisualStudio.TestPlatform.CommandLine.Internal.ConsoleLogger., took 0 ms.
TpTrace Verbose: 0 : 8464, 14, 2023/11/16, 18:27:44.900, 92796783311, vstest.console.dll, MulticastDelegateUtilities.SafeInvoke: LengthPrefixCommunicationChannel: MessageReceived: Invoking callback 1/1 for Microsoft.VisualStudio.TestPlatform.CommunicationUtilities.TestRequestSender+<>c__DisplayClass34_0., took 0 ms.
TpTrace Verbose: 0 : 8464, 14, 2023/11/16, 18:27:44.900, 92796783657, vstest.console.dll, TcpClientExtensions.MessageLoopAsync: Polling on remoteEndPoint: 127.0.0.1:50708 localEndPoint: 127.0.0.1:50707
TpTrace Verbose: 0 : 8464, 14, 2023/11/16, 18:27:45.109, 92798874945, vstest.console.dll, TcpClientExtensions.MessageLoopAsync: NotifyDataAvailable remoteEndPoint: 127.0.0.1:50708 localEndPoint: 127.0.0.1:50707
TpTrace Verbose: 0 : 8464, 14, 2023/11/16, 18:27:45.110, 92798879317, vstest.console.dll, TestRequestSender.OnExecutionMessageReceived: Received message: {"Version":7,"MessageType":"TestExecution.StatsChange","Payload":{"NewTestResults":[{"TestCase":{"Id":"365b1598-0e83-b835-49a8-9080a73529ff","FullyQualifiedName":"GestionBanque.Tests.ClientSqliteDataServiceTest.GetAll_ShouldBeValid","DisplayName":"GestionBanque.Tests.ClientSqliteDataServiceTest.GetAll_ShouldBeValid","ExecutorUri":"executor://xunit/VsTestRunner2/netcoreapp","Source":"C:\\Users\\isaac\\OneDrive\\Documents\\college\\sujet_speciaux\\GestionBanque\\GestionBanque\\SujetTP3\\GestionBanque.Tests\\bin\\Debug\\net6.0-windows\\fine-code-coverage\\build-output\\GestionBanque.Tests.dll","CodeFilePath":null,"LineNumber":0,"Properties":[]},"Attachments":[],"Outcome":1,"ErrorMessage":null,"ErrorStackTrace":null,"DisplayName":"GestionBanque.Tests.ClientSqliteDataServiceTest.GetAll_ShouldBeValid","Messages":[],"ComputerName":"DARWIN","Duration":"00:00:00.0561307","StartTime":"2023-11-16T23:27:44.9956525+00:00","EndTime":"2023-11-16T23:27:44.9956731+00:00","Properties":[]},{"TestCase":{"Id":"ad748379-6ca3-b1f3-4b3c-9ee4d16d3824","FullyQualifiedName":"GestionBanque.Tests.ClientSqliteDataServiceTest.Update_ShouldNotBeValid","DisplayName":"GestionBanque.Tests.ClientSqliteDataServiceTest.Update_ShouldNotBeValid","ExecutorUri":"executor://xunit/VsTestRunner2/netcoreapp","Source":"C:\\Users\\isaac\\OneDrive\\Documents\\college\\sujet_speciaux\\GestionBanque\\GestionBanque\\SujetTP3\\GestionBanque.Tests\\bin\\Debug\\net6.0-windows\\fine-code-coverage\\build-output\\GestionBanque.Tests.dll","CodeFilePath":null,"LineNumber":0,"Properties":[]},"Attachments":[],"Outcome":1,"ErrorMessage":null,"ErrorStackTrace":null,"DisplayName":"GestionBanque.Tests.ClientSqliteDataServiceTest.Update_ShouldNotBeValid","Messages":[],"ComputerName":"DARWIN","Duration":"00:00:00.0198522","StartTime":"2023-11-16T23:27:45.0150749+00:00","EndTime":"2023-11-16T23:27:45.015075+00:00","Properties":[]},{"TestCase":{"Id":"1a1321b6-5b25-00ee-df5f-082fbd9ddfbc","FullyQualifiedName":"GestionBanque.Tests.ClientSqliteDataServiceTest.RecuperComptes_ShouldNotBeValid","DisplayName":"GestionBanque.Tests.ClientSqliteDataServiceTest.RecuperComptes_ShouldNotBeValid","ExecutorUri":"executor://xunit/VsTestRunner2/netcoreapp","Source":"C:\\Users\\isaac\\OneDrive\\Documents\\college\\sujet_speciaux\\GestionBanque\\GestionBanque\\SujetTP3\\GestionBanque.Tests\\bin\\Debug\\net6.0-windows\\fine-code-coverage\\build-output\\GestionBanque.Tests.dll","CodeFilePath":null,"LineNumber":0,"Properties":[]},"Attachments":[],"Outcome":1,"ErrorMessage":null,"ErrorStackTrace":null,"DisplayName":"GestionBanque.Tests.ClientSqliteDataServiceTest.RecuperComptes_ShouldNotBeValid","Messages":[],"ComputerName":"DARWIN","Duration":"00:00:00.0150433","StartTime":"2023-11-16T23:27:45.0302123+00:00","EndTime":"2023-11-16T23:27:45.0302124+00:00","Properties":[]},{"TestCase":{"Id":"5da7062a-28b7-31a1-6c13-7a38106bce92","FullyQualifiedName":"GestionBanque.Tests.ClientSqliteDataServiceTest.Get_ShouldBeValid","DisplayName":"GestionBanque.Tests.ClientSqliteDataServiceTest.Get_ShouldBeValid","ExecutorUri":"executor://xunit/VsTestRunner2/netcoreapp","Source":"C:\\Users\\isaac\\OneDrive\\Documents\\college\\sujet_speciaux\\GestionBanque\\GestionBanque\\SujetTP3\\GestionBanque.Tests\\bin\\Debug\\net6.0-windows\\fine-code-coverage\\build-output\\GestionBanque.Tests.dll","CodeFilePath":null,"LineNumber":0,"Properties":[]},"Attachments":[],"Outcome":1,"ErrorMessage":null,"ErrorStackTrace":null,"DisplayName":"GestionBanque.Tests.ClientSqliteDataServiceTest.Get_ShouldBeValid","Messages":[],"ComputerName":"DARWIN","Duration":"00:00:00.0237978","StartTime":"2023-11-16T23:27:45.0540951+00:00","EndTime":"2023-11-16T23:27:45.0540952+00:00","Properties":[]},{"TestCase":{"Id":"82a86691-1fd5-29ed-1870-f34d9c3c740f","FullyQualifiedName":"GestionBanque.Tests.ClientSqliteDataServiceTest.Get_ShouldNotBeValid","DisplayName":"GestionBanque.Tests.ClientSqliteDataServiceTest.Get_ShouldNotBeValid","ExecutorUri":"executor://xunit/VsTestRunner2/netcoreapp","Source":"C:\\Users\\isaac\\OneDrive\\Documents\\college\\sujet_speciaux\\GestionBanque\\GestionBanque\\SujetTP3\\GestionBanque.Tests\\bin\\Debug\\net6.0-windows\\fine-code-coverage\\build-output\\GestionBanque.Tests.dll","CodeFilePath":null,"LineNumber":0,"Properties":[]},"Attachments":[],"Outcome":1,"ErrorMessage":null,"ErrorStackTrace":null,"DisplayName":"GestionBanque.Tests.ClientSqliteDataServiceTest.Get_ShouldNotBeValid","Messages":[],"ComputerName":"DARWIN","Duration":"00:00:00.0150025","StartTime":"2023-11-16T23:27:45.069168+00:00","EndTime":"2023-11-16T23:27:45.0691681+00:00","Properties":[]},{"TestCase":{"Id":"cf3ea3fe-9f34-1d9b-bce1-ce832ce1a118","FullyQualifiedName":"GestionBanque.Tests.ClientTest.SetCourriel_ShouldBeValid","DisplayName":"GestionBanque.Tests.ClientTest.SetCourriel_ShouldBeValid","ExecutorUri":"executor://xunit/VsTestRunner2/netcoreapp","Source":"C:\\Users\\isaac\\OneDrive\\Documents\\college\\sujet_speciaux\\GestionBanque\\GestionBanque\\SujetTP3\\GestionBanque.Tests\\bin\\Debug\\net6.0-windows\\fine-code-coverage\\build-output\\GestionBanque.Tests.dll","CodeFilePath":null,"LineNumber":0,"Properties":[]},"Attachments":[],"Outcome":1,"ErrorMessage":null,"ErrorStackTrace":null,"DisplayName":"GestionBanque.Tests.ClientTest.SetCourriel_ShouldBeValid","Messages":[],"ComputerName":"DARWIN","Duration":"00:00:00.0006289","StartTime":"2023-11-16T23:27:45.071592+00:00","EndTime":"2023-11-16T23:27:45.071592+00:00","Properties":[]},{"TestCase":{"Id":"d0a22361-9df1-51d9-6055-e92c7d600726","FullyQualifiedName":"GestionBanque.Tests.ClientTest.SetNom_ShouldBeValid","DisplayName":"GestionBanque.Tests.ClientTest.SetNom_ShouldBeValid","ExecutorUri":"executor://xunit/VsTestRunner2/netcoreapp","Source":"C:\\Users\\isaac\\OneDrive\\Documents\\college\\sujet_speciaux\\GestionBanque\\GestionBanque\\SujetTP3\\GestionBanque.Tests\\bin\\Debug\\net6.0-windows\\fine-code-coverage\\build-output\\GestionBanque.Tests.dll","CodeFilePath":null,"LineNumber":0,"Properties":[]},"Attachments":[],"Outcome":1,"ErrorMessage":null,"ErrorStackTrace":null,"DisplayName":"GestionBanque.Tests.ClientTest.SetNom_ShouldBeValid","Messages":[],"ComputerName":"DARWIN","Duration":"00:00:00.0001557","StartTime":"2023-11-16T23:27:45.0727015+00:00","EndTime":"2023-11-16T23:27:45.0727016+00:00","Properties":[]},{"TestCase":{"Id":"a0448e35-106f-e616-b041-753a9fadbb83","FullyQualifiedName":"GestionBanque.Tests.ClientTest.SetPrenom_ShouldBeValid","DisplayName":"GestionBanque.Tests.ClientTest.SetPrenom_ShouldBeValid","ExecutorUri":"executor://xunit/VsTestRunner2/netcoreapp","Source":"C:\\Users\\isaac\\OneDrive\\Documents\\college\\sujet_speciaux\\GestionBanque\\GestionBanque\\SujetTP3\\GestionBanque.Tests\\bin\\Debug\\net6.0-windows\\fine-code-coverage\\build-output\\GestionBanque.Tests.dll","CodeFilePath":null,"LineNumber":0,"Properties":[]},"Attachments":[],"Outcome":1,"ErrorMessage":null,"ErrorStackTrace":null,"DisplayName":"GestionBanque.Tests.ClientTest.SetPrenom_ShouldBeValid","Messages":[],"ComputerName":"DARWIN","Duration":"00:00:00.0001243","StartTime":"2023-11-16T23:27:45.073949+00:00","EndTime":"2023-11-16T23:27:45.073949+00:00","Properties":[]},{"TestCase":{"Id":"db46e2e3-03cc-7338-5d97-515efb65c747","FullyQualifiedName":"GestionBanque.Tests.CompteSqliteDataServiceTest.Get_ShouldBeValid","DisplayName":"GestionBanque.Tests.CompteSqliteDataServiceTest.Get_ShouldBeValid","ExecutorUri":"executor://xunit/VsTestRunner2/netcoreapp","Source":"C:\\Users\\isaac\\OneDrive\\Documents\\college\\sujet_speciaux\\GestionBanque\\GestionBanque\\SujetTP3\\GestionBanque.Tests\\bin\\Debug\\net6.0-windows\\fine-code-coverage\\build-output\\GestionBanque.Tests.dll","CodeFilePath":null,"LineNumber":0,"Properties":[]},"Attachments":[],"Outcome":1,"ErrorMessage":null,"ErrorStackTrace":null,"DisplayName":"GestionBanque.Tests.CompteSqliteDataServiceTest.Get_ShouldBeValid","Messages":[],"ComputerName":"DARWIN","Duration":"00:00:00.0145268","StartTime":"2023-11-16T23:27:45.0865967+00:00","EndTime":"2023-11-16T23:27:45.0865968+00:00","Properties":[]}],"TestRunStatistics":{"ExecutedTests":9,"Stats":{"Passed":9}},"ActiveTests":[{"Id":"ec60ea21-b3bf-45f9-798a-047babb9fc32","FullyQualifiedName":"GestionBanque.Tests.CompteSqliteDataServiceTest.Retirer_shouldBeValid","DisplayName":"GestionBanque.Tests.CompteSqliteDataServiceTest.Retirer_shouldBeValid","ExecutorUri":"executor://xunit/VsTestRunner2/netcoreapp","Source":"C:\\Users\\isaac\\OneDrive\\Documents\\college\\sujet_speciaux\\GestionBanque\\GestionBanque\\SujetTP3\\GestionBanque.Tests\\bin\\Debug\\net6.0-windows\\fine-code-coverage\\build-output\\GestionBanque.Tests.dll","CodeFilePath":null,"LineNumber":0,"Properties":[]}]}}
TpTrace Verbose: 0 : 8464, 14, 2023/11/16, 18:27:45.126, 92799046568, vstest.console.dll, TestRunRequest:SendTestRunStatsChange: Starting.
TpTrace Verbose: 0 : 8464, 14, 2023/11/16, 18:27:45.126, 92799047992, vstest.console.dll, InProgress is GestionBanque.Tests.CompteSqliteDataServiceTest.Retirer_shouldBeValid
TpTrace Verbose: 0 : 8464, 14, 2023/11/16, 18:27:45.127, 92799049456, vstest.console.dll, MulticastDelegateUtilities.SafeInvoke: TestRun.RunStatsChanged: Invoking callbacks was skipped because there are no subscribers.
TpTrace Information: 0 : 8464, 14, 2023/11/16, 18:27:45.127, 92799049779, vstest.console.dll, TestRunRequest:SendTestRunStatsChange: Completed.
TpTrace Verbose: 0 : 8464, 14, 2023/11/16, 18:27:45.127, 92799050145, vstest.console.dll, MulticastDelegateUtilities.SafeInvoke: LengthPrefixCommunicationChannel: MessageReceived: Invoking callback 1/1 for Microsoft.VisualStudio.TestPlatform.CommunicationUtilities.TestRequestSender+<>c__DisplayClass34_0., took 17 ms.
TpTrace Verbose: 0 : 8464, 14, 2023/11/16, 18:27:45.127, 92799050444, vstest.console.dll, TcpClientExtensions.MessageLoopAsync: Polling on remoteEndPoint: 127.0.0.1:50708 localEndPoint: 127.0.0.1:50707
TpTrace Verbose: 0 : 8464, 14, 2023/11/16, 18:27:45.127, 92799051885, vstest.console.dll, TcpClientExtensions.MessageLoopAsync: NotifyDataAvailable remoteEndPoint: 127.0.0.1:50708 localEndPoint: 127.0.0.1:50707
TpTrace Verbose: 0 : 8464, 14, 2023/11/16, 18:27:45.127, 92799052727, vstest.console.dll, TestRequestSender.OnExecutionMessageReceived: Received message: {"Version":7,"MessageType":"TestSession.Message","Payload":{"MessageLevel":0,"Message":"[xUnit.net 00:00:00.78]   Finished:    GestionBanque.Tests"}}
TpTrace Verbose: 0 : 8464, 14, 2023/11/16, 18:27:45.127, 92799053537, vstest.console.dll, TestRunRequest:SendTestRunMessage: Starting.
TpTrace Verbose: 0 : 8464, 14, 2023/11/16, 18:27:45.127, 92799053874, vstest.console.dll, MulticastDelegateUtilities.SafeInvoke: TestRun.LogMessages: Invoking callback 1/1 for Microsoft.VisualStudio.TestPlatform.CommandLine.TestRunResultAggregator., took 0 ms.
TpTrace Information: 0 : 8464, 14, 2023/11/16, 18:27:45.127, 92799054036, vstest.console.dll, TestRunRequest:SendTestRunMessage: Completed.
TpTrace Verbose: 0 : 8464, 14, 2023/11/16, 18:27:45.127, 92799054194, vstest.console.dll, MulticastDelegateUtilities.SafeInvoke: LengthPrefixCommunicationChannel: MessageReceived: Invoking callback 1/1 for Microsoft.VisualStudio.TestPlatform.CommunicationUtilities.TestRequestSender+<>c__DisplayClass34_0., took 0 ms.
TpTrace Verbose: 0 : 8464, 14, 2023/11/16, 18:27:45.127, 92799054442, vstest.console.dll, TcpClientExtensions.MessageLoopAsync: Polling on remoteEndPoint: 127.0.0.1:50708 localEndPoint: 127.0.0.1:50707
TpTrace Verbose: 0 : 8464, 4, 2023/11/16, 18:27:45.129, 92799074393, vstest.console.dll, MulticastDelegateUtilities.SafeInvoke: InternalTestLoggerEvents.SendTestResult: Invoking callback 1/1 for Microsoft.VisualStudio.TestPlatform.CommandLine.Internal.ConsoleLogger., took 2 ms.
TpTrace Verbose: 0 : 8464, 4, 2023/11/16, 18:27:45.129, 92799076711, vstest.console.dll, MulticastDelegateUtilities.SafeInvoke: InternalTestLoggerEvents.SendTestResult: Invoking callback 1/1 for Microsoft.VisualStudio.TestPlatform.CommandLine.Internal.ConsoleLogger., took 0 ms.
TpTrace Verbose: 0 : 8464, 4, 2023/11/16, 18:27:45.129, 92799077231, vstest.console.dll, MulticastDelegateUtilities.SafeInvoke: InternalTestLoggerEvents.SendTestResult: Invoking callback 1/1 for Microsoft.VisualStudio.TestPlatform.CommandLine.Internal.ConsoleLogger., took 0 ms.
TpTrace Verbose: 0 : 8464, 4, 2023/11/16, 18:27:45.129, 92799077517, vstest.console.dll, MulticastDelegateUtilities.SafeInvoke: InternalTestLoggerEvents.SendTestResult: Invoking callback 1/1 for Microsoft.VisualStudio.TestPlatform.CommandLine.Internal.ConsoleLogger., took 0 ms.
TpTrace Verbose: 0 : 8464, 4, 2023/11/16, 18:27:45.129, 92799077816, vstest.console.dll, MulticastDelegateUtilities.SafeInvoke: InternalTestLoggerEvents.SendTestResult: Invoking callback 1/1 for Microsoft.VisualStudio.TestPlatform.CommandLine.Internal.ConsoleLogger., took 0 ms.
TpTrace Verbose: 0 : 8464, 4, 2023/11/16, 18:27:45.129, 92799078335, vstest.console.dll, MulticastDelegateUtilities.SafeInvoke: InternalTestLoggerEvents.SendTestResult: Invoking callback 1/1 for Microsoft.VisualStudio.TestPlatform.CommandLine.Internal.ConsoleLogger., took 0 ms.
TpTrace Verbose: 0 : 8464, 4, 2023/11/16, 18:27:45.129, 92799078564, vstest.console.dll, MulticastDelegateUtilities.SafeInvoke: InternalTestLoggerEvents.SendTestResult: Invoking callback 1/1 for Microsoft.VisualStudio.TestPlatform.CommandLine.Internal.ConsoleLogger., took 0 ms.
TpTrace Verbose: 0 : 8464, 4, 2023/11/16, 18:27:45.129, 92799078982, vstest.console.dll, MulticastDelegateUtilities.SafeInvoke: InternalTestLoggerEvents.SendTestResult: Invoking callback 1/1 for Microsoft.VisualStudio.TestPlatform.CommandLine.Internal.ConsoleLogger., took 0 ms.
TpTrace Verbose: 0 : 8464, 4, 2023/11/16, 18:27:45.130, 92799079213, vstest.console.dll, MulticastDelegateUtilities.SafeInvoke: InternalTestLoggerEvents.SendTestResult: Invoking callback 1/1 for Microsoft.VisualStudio.TestPlatform.CommandLine.Internal.ConsoleLogger., took 0 ms.
TpTrace Verbose: 0 : 8464, 4, 2023/11/16, 18:27:45.130, 92799079412, vstest.console.dll, MulticastDelegateUtilities.SafeInvoke: InternalTestLoggerEvents.SendTestRunMessage: Invoking callback 1/1 for Microsoft.VisualStudio.TestPlatform.CommandLine.Internal.ConsoleLogger., took 0 ms.
TpTrace Verbose: 0 : 8464, 14, 2023/11/16, 18:27:45.140, 92799183358, vstest.console.dll, TcpClientExtensions.MessageLoopAsync: NotifyDataAvailable remoteEndPoint: 127.0.0.1:50708 localEndPoint: 127.0.0.1:50707
TpTrace Verbose: 0 : 8464, 14, 2023/11/16, 18:27:45.140, 92799185530, vstest.console.dll, TestRequestSender.OnExecutionMessageReceived: Received message: {"Version":7,"MessageType":"TestExecution.Completed","Payload":{"TestRunCompleteArgs":{"TestRunStatistics":{"ExecutedTests":14,"Stats":{"Passed":14}},"IsCanceled":false,"IsAborted":false,"Error":null,"AttachmentSets":[],"InvokedDataCollectors":[],"ElapsedTimeInRunningTests":"00:00:00.7929896","Metrics":{},"DiscoveredExtensions":{"TestDiscoverers":["Xunit.Runner.VisualStudio.VsTestRunner, xunit.runner.visualstudio.dotnetcore.testadapter, Version=2.4.0.0, Culture=neutral, PublicKeyToken=8d05b1bb7a6fdb6c"],"TestExecutors":["executor://xunit/VsTestRunner2/netcoreapp"],"TestExecutors2":[],"TestSettingsProviders":[]}},"LastRunTests":{"NewTestResults":[{"TestCase":{"Id":"ec60ea21-b3bf-45f9-798a-047babb9fc32","FullyQualifiedName":"GestionBanque.Tests.CompteSqliteDataServiceTest.Retirer_shouldBeValid","DisplayName":"GestionBanque.Tests.CompteSqliteDataServiceTest.Retirer_shouldBeValid","ExecutorUri":"executor://xunit/VsTestRunner2/netcoreapp","Source":"C:\\Users\\isaac\\OneDrive\\Documents\\college\\sujet_speciaux\\GestionBanque\\GestionBanque\\SujetTP3\\GestionBanque.Tests\\bin\\Debug\\net6.0-windows\\fine-code-coverage\\build-output\\GestionBanque.Tests.dll","CodeFilePath":null,"LineNumber":0,"Properties":[]},"Attachments":[],"Outcome":1,"ErrorMessage":null,"ErrorStackTrace":null,"DisplayName":"GestionBanque.Tests.CompteSqliteDataServiceTest.Retirer_shouldBeValid","Messages":[],"ComputerName":"DARWIN","Duration":"00:00:00.0162282","StartTime":"2023-11-16T23:27:45.1107855+00:00","EndTime":"2023-11-16T23:27:45.1107856+00:00","Properties":[]},{"TestCase":{"Id":"ebe7de19-3182-9299-0f52-414eff22da9c","FullyQualifiedName":"GestionBanque.Tests.CompteSqliteDataServiceTest.Update_ShouldBeValid","DisplayName":"GestionBanque.Tests.CompteSqliteDataServiceTest.Update_ShouldBeValid","ExecutorUri":"executor://xunit/VsTestRunner2/netcoreapp","Source":"C:\\Users\\isaac\\OneDrive\\Documents\\college\\sujet_speciaux\\GestionBanque\\GestionBanque\\SujetTP3\\GestionBanque.Tests\\bin\\Debug\\net6.0-windows\\fine-code-coverage\\build-output\\GestionBanque.Tests.dll","CodeFilePath":null,"LineNumber":0,"Properties":[]},"Attachments":[],"Outcome":1,"ErrorMessage":null,"ErrorStackTrace":null,"DisplayName":"GestionBanque.Tests.CompteSqliteDataServiceTest.Update_ShouldBeValid","Messages":[],"ComputerName":"DARWIN","Duration":"00:00:00.0181287","StartTime":"2023-11-16T23:27:45.1211655+00:00","EndTime":"2023-11-16T23:27:45.121166+00:00","Properties":[]},{"TestCase":{"Id":"1e291dab-c07a-4009-c419-d7a1682fc362","FullyQualifiedName":"GestionBanque.Tests.CompteTest.Deposer_ShouldBeValid","DisplayName":"GestionBanque.Tests.CompteTest.Deposer_ShouldBeValid","ExecutorUri":"executor://xunit/VsTestRunner2/netcoreapp","Source":"C:\\Users\\isaac\\OneDrive\\Documents\\college\\sujet_speciaux\\GestionBanque\\GestionBanque\\SujetTP3\\GestionBanque.Tests\\bin\\Debug\\net6.0-windows\\fine-code-coverage\\build-output\\GestionBanque.Tests.dll","CodeFilePath":null,"LineNumber":0,"Properties":[]},"Attachments":[],"Outcome":1,"ErrorMessage":null,"ErrorStackTrace":null,"DisplayName":"GestionBanque.Tests.CompteTest.Deposer_ShouldBeValid","Messages":[],"ComputerName":"DARWIN","Duration":"00:00:00.0018952","StartTime":"2023-11-16T23:27:45.1233078+00:00","EndTime":"2023-11-16T23:27:45.1233081+00:00","Properties":[]},{"TestCase":{"Id":"3015953c-19a7-17e8-afeb-c086a5223f18","FullyQualifiedName":"GestionBanque.Tests.CompteTest.Retirer_ShouldNotBeValid","DisplayName":"GestionBanque.Tests.CompteTest.Retirer_ShouldNotBeValid","ExecutorUri":"executor://xunit/VsTestRunner2/netcoreapp","Source":"C:\\Users\\isaac\\OneDrive\\Documents\\college\\sujet_speciaux\\GestionBanque\\GestionBanque\\SujetTP3\\GestionBanque.Tests\\bin\\Debug\\net6.0-windows\\fine-code-coverage\\build-output\\GestionBanque.Tests.dll","CodeFilePath":null,"LineNumber":0,"Properties":[]},"Attachments":[],"Outcome":1,"ErrorMessage":null,"ErrorStackTrace":null,"DisplayName":"GestionBanque.Tests.CompteTest.Retirer_ShouldNotBeValid","Messages":[],"ComputerName":"DARWIN","Duration":"00:00:00.0003679","StartTime":"2023-11-16T23:27:45.1245804+00:00","EndTime":"2023-11-16T23:27:45.1245805+00:00","Properties":[]},{"TestCase":{"Id":"9d3f4c2c-384d-756a-bcf5-92388ad9a4fb","FullyQualifiedName":"GestionBanque.Tests.CompteTest.Retirer_ShouldBeValid","DisplayName":"GestionBanque.Tests.CompteTest.Retirer_ShouldBeValid","ExecutorUri":"executor://xunit/VsTestRunner2/netcoreapp","Source":"C:\\Users\\isaac\\OneDrive\\Documents\\college\\sujet_speciaux\\GestionBanque\\GestionBanque\\SujetTP3\\GestionBanque.Tests\\bin\\Debug\\net6.0-windows\\fine-code-coverage\\build-output\\GestionBanque.Tests.dll","CodeFilePath":null,"LineNumber":0,"Properties":[]},"Attachments":[],"Outcome":1,"ErrorMessage":null,"ErrorStackTrace":null,"DisplayName":"GestionBanque.Tests.CompteTest.Retirer_ShouldBeValid","Messages":[],"ComputerName":"DARWIN","Duration":"00:00:00.0001589","StartTime":"2023-11-16T23:27:45.1258766+00:00","EndTime":"2023-11-16T23:27:45.1258767+00:00","Properties":[]}],"TestRunStatistics":{"ExecutedTests":14,"Stats":{"Passed":14}},"ActiveTests":[]},"RunAttachments":[],"ExecutorUris":["executor://xunit/VsTestRunner2/netcoreapp"]}}
TpTrace Verbose: 0 : 8464, 14, 2023/11/16, 18:27:45.140, 92799186595, vstest.console.dll, TestRequestSender.EndSession: Sending end session.
TpTrace Verbose: 0 : 8464, 14, 2023/11/16, 18:27:45.140, 92799187812, vstest.console.dll, ProxyOperationManager.Close: waiting for test host to exit for 100 ms
TpTrace Verbose: 0 : 8464, 7, 2023/11/16, 18:27:45.175, 92799536255, vstest.console.dll, TestHostManagerCallbacks.ctor: Experimental forwarding output is disabled.
TpTrace Warning: 0 : 8464, 7, 2023/11/16, 18:27:45.175, 92799537641, vstest.console.dll, TestHostManagerCallbacks.ErrorReceivedCallback Test host standard error line: 
TpTrace Verbose: 0 : 8464, 7, 2023/11/16, 18:27:45.189, 92799678465, vstest.console.dll, TestHostProvider.ExitCallBack: Host exited starting callback.
TpTrace Information: 0 : 8464, 7, 2023/11/16, 18:27:45.190, 92799679801, vstest.console.dll, TestHostManagerCallbacks.ExitCallBack: Testhost processId: 22080 exited with exitcode: 0 error: ''
TpTrace Verbose: 0 : 8464, 7, 2023/11/16, 18:27:45.190, 92799680040, vstest.console.dll, DotnetTestHostManager.OnHostExited: invoking OnHostExited callback
TpTrace Verbose: 0 : 8464, 7, 2023/11/16, 18:27:45.190, 92799680466, vstest.console.dll, CrossPlatEngine.TestHostManagerHostExited: calling on client process exit callback.
TpTrace Information: 0 : 8464, 7, 2023/11/16, 18:27:45.190, 92799680823, vstest.console.dll, TestRequestSender.OnClientProcessExit: Test host process exited. Standard error: 
TpTrace Information: 0 : 8464, 7, 2023/11/16, 18:27:45.190, 92799681050, vstest.console.dll, SocketServer.Stop: Stop server endPoint: 127.0.0.1:50707
TpTrace Information: 0 : 8464, 7, 2023/11/16, 18:27:45.190, 92799681198, vstest.console.dll, SocketServer.Stop: Cancellation requested. Stopping message loop.
TpTrace Information: 0 : 8464, 14, 2023/11/16, 18:27:45.190, 92799681211, vstest.console.dll, SocketServer.Stop: Stop server endPoint: 127.0.0.1:50707
TpTrace Information: 0 : 8464, 14, 2023/11/16, 18:27:45.190, 92799681772, vstest.console.dll, SocketServer.Stop: Cancellation requested. Stopping message loop.
TpTrace Verbose: 0 : 8464, 7, 2023/11/16, 18:27:45.190, 92799682439, vstest.console.dll, MulticastDelegateUtilities.SafeInvoke: HostProviderEvents.OnHostExited: Invoking callback 1/1 for Microsoft.VisualStudio.TestPlatform.CrossPlatEngine.Client.ProxyOperationManager., took 0 ms.
TpTrace Information: 0 : 8464, 14, 2023/11/16, 18:27:45.190, 92799682739, vstest.console.dll, Closing the connection
TpTrace Verbose: 0 : 8464, 14, 2023/11/16, 18:27:45.190, 92799684452, vstest.console.dll, ProxyDataCollectionManager.InvokeDataCollectionServiceAction: Starting.
TpTrace Information: 0 : 8464, 14, 2023/11/16, 18:27:45.190, 92799684717, vstest.console.dll, ProxyDataCollectionManager.AfterTestRunEnd: Get attachment set and invoked data collectors processId: 1940 port: 50704
TpTrace Verbose: 0 : 8464, 14, 2023/11/16, 18:27:45.190, 92799685026, vstest.console.dll, DataCollectionRequestSender.SendAfterTestRunStartAndGetResult: Send AfterTestRunEnd message with isCancelled: False
TpTrace Verbose: 0 : 8464, 14, 2023/11/16, 18:27:45.194, 92799726808, vstest.console.dll, DataCollectionRequestSender.SendAfterTestRunStartAndGetResult: Received message: (DataCollection.AfterTestRunEndResult) -> {"MessageType":"DataCollection.AfterTestRunEndResult","Payload":{"AttachmentSets":[],"InvokedDataCollectors":[{"Uri":"datacollector://Microsoft/TestPlatform/Extensions/Blame/v1","FriendlyName":"Blame","AssemblyQualifiedName":"Microsoft.TestPlatform.Extensions.BlameDataCollector.BlameCollector, Microsoft.TestPlatform.Extensions.BlameDataCollector, Version=15.0.0.0, Culture=neutral, PublicKeyToken=b03f5f7f11d50a3a","FilePath":"C:\\Program Files\\dotnet\\sdk\\8.0.100-rc.2.23502.2\\Extensions\\Microsoft.TestPlatform.Extensions.BlameDataCollector.dll","HasAttachmentProcessor":false}],"Metrics":{}}}
TpTrace Information: 0 : 8464, 14, 2023/11/16, 18:27:45.198, 92799762360, vstest.console.dll, ProxyDataCollectionManager.InvokeDataCollectionServiceAction: Completed.
TpTrace Warning: 0 : 8464, 11, 2023/11/16, 18:27:45.215, 92799934431, vstest.console.dll, DataCollectionLauncher.ErrorReceivedCallback datacollector standard error line: 
TpTrace Verbose: 0 : 8464, 14, 2023/11/16, 18:27:45.220, 92799984826, vstest.console.dll, TestRunRequest:SendTestRunStatsChange: Starting.
TpTrace Verbose: 0 : 8464, 14, 2023/11/16, 18:27:45.220, 92799986263, vstest.console.dll, MulticastDelegateUtilities.SafeInvoke: TestRun.RunStatsChanged: Invoking callbacks was skipped because there are no subscribers.
TpTrace Information: 0 : 8464, 14, 2023/11/16, 18:27:45.220, 92799986513, vstest.console.dll, TestRunRequest:SendTestRunStatsChange: Completed.
TpTrace Verbose: 0 : 8464, 4, 2023/11/16, 18:27:45.220, 92799987293, vstest.console.dll, MulticastDelegateUtilities.SafeInvoke: InternalTestLoggerEvents.SendTestResult: Invoking callback 1/1 for Microsoft.VisualStudio.TestPlatform.CommandLine.Internal.ConsoleLogger., took 0 ms.
TpTrace Verbose: 0 : 8464, 4, 2023/11/16, 18:27:45.220, 92799987938, vstest.console.dll, MulticastDelegateUtilities.SafeInvoke: InternalTestLoggerEvents.SendTestResult: Invoking callback 1/1 for Microsoft.VisualStudio.TestPlatform.CommandLine.Internal.ConsoleLogger., took 0 ms.
TpTrace Verbose: 0 : 8464, 4, 2023/11/16, 18:27:45.220, 92799988199, vstest.console.dll, MulticastDelegateUtilities.SafeInvoke: InternalTestLoggerEvents.SendTestResult: Invoking callback 1/1 for Microsoft.VisualStudio.TestPlatform.CommandLine.Internal.ConsoleLogger., took 0 ms.
TpTrace Verbose: 0 : 8464, 4, 2023/11/16, 18:27:45.220, 92799988443, vstest.console.dll, MulticastDelegateUtilities.SafeInvoke: InternalTestLoggerEvents.SendTestResult: Invoking callback 1/1 for Microsoft.VisualStudio.TestPlatform.CommandLine.Internal.ConsoleLogger., took 0 ms.
TpTrace Verbose: 0 : 8464, 4, 2023/11/16, 18:27:45.220, 92799988728, vstest.console.dll, MulticastDelegateUtilities.SafeInvoke: InternalTestLoggerEvents.SendTestResult: Invoking callback 1/1 for Microsoft.VisualStudio.TestPlatform.CommandLine.Internal.ConsoleLogger., took 0 ms.
TpTrace Verbose: 0 : 8464, 14, 2023/11/16, 18:27:45.221, 92799989160, vstest.console.dll, ParallelProxyExecutionManager: HandlePartialRunComplete: Total workloads = 1, Total started clients = 1 Total completed clients = 1, Run complete = True, Run canceled: False.
TpTrace Verbose: 0 : 8464, 14, 2023/11/16, 18:27:45.221, 92799989436, vstest.console.dll, ParallelProxyExecutionManager: HandlePartialRunComplete: All runs completed stopping all managers.
TpTrace Verbose: 0 : 8464, 14, 2023/11/16, 18:27:45.221, 92799989661, vstest.console.dll, ParallelOperationManager.StopAllManagers: Stopping all managers.
TpTrace Verbose: 0 : 8464, 14, 2023/11/16, 18:27:45.221, 92799989835, vstest.console.dll, ParallelOperationManager.ClearSlots: Clearing all slots. Slots should accept more work: False
TpTrace Verbose: 0 : 8464, 14, 2023/11/16, 18:27:45.221, 92799990068, vstest.console.dll, ParallelOperationManager.SetOccupiedSlotCount: Setting slot counts AvailableSlotCount = 1, OccupiedSlotCount = 0.
TpTrace Verbose: 0 : 8464, 14, 2023/11/16, 18:27:45.221, 92799990324, vstest.console.dll, Occupied slots:

TpTrace Information: 0 : 8464, 11, 2023/11/16, 18:27:45.221, 92799992876, vstest.console.dll, DataCollectionLauncher.ExitCallBack: Data collector exited with exitcode: 0 error: ''
TpTrace Verbose: 0 : 8464, 4, 2023/11/16, 18:27:45.226, 92800041070, vstest.console.dll, MulticastDelegateUtilities.SafeInvoke: InternalTestLoggerEvents.SendTestRunComplete: Invoking callback 1/2 for Microsoft.TestPlatform.Extensions.BlameDataCollector.BlameLogger., took 0 ms.
TpTrace Verbose: 0 : 8464, 4, 2023/11/16, 18:27:45.229, 92800076693, vstest.console.dll, MulticastDelegateUtilities.SafeInvoke: InternalTestLoggerEvents.SendTestRunComplete: Invoking callback 2/2 for Microsoft.VisualStudio.TestPlatform.CommandLine.Internal.ConsoleLogger., took 3 ms.
TpTrace Verbose: 0 : 8464, 14, 2023/11/16, 18:27:45.230, 92800083752, vstest.console.dll, TestRunRequest:TestRunComplete: Starting. IsAborted:False IsCanceled:False.
TpTrace Verbose: 0 : 8464, 14, 2023/11/16, 18:27:45.230, 92800085847, vstest.console.dll, ParallelOperationManager.DoActionOnAllManagers: Calling an action on all managers.
TpTrace Verbose: 0 : 8464, 14, 2023/11/16, 18:27:45.231, 92800092509, vstest.console.dll, TestLoggerManager.HandleTestRunComplete: Ignoring as the object is disposed.
TpTrace Verbose: 0 : 8464, 14, 2023/11/16, 18:27:45.231, 92800094622, vstest.console.dll, MulticastDelegateUtilities.SafeInvoke: TestRun.TestRunComplete: Invoking callback 1/2 for Microsoft.VisualStudio.TestPlatform.CommandLine.TestRunResultAggregator., took 0 ms.
TpTrace Verbose: 0 : 8464, 14, 2023/11/16, 18:27:45.231, 92800095640, vstest.console.dll, MulticastDelegateUtilities.SafeInvoke: TestRun.TestRunComplete: Invoking callback 2/2 for Microsoft.VisualStudio.TestPlatform.CommandLine.Processors.RunTestsArgumentExecutor+TestRunRequestEventsRegistrar., took 0 ms.
TpTrace Information: 0 : 8464, 14, 2023/11/16, 18:27:45.231, 92800096563, vstest.console.dll, TestRunRequest:TestRunComplete: Completed.
TpTrace Verbose: 0 : 8464, 14, 2023/11/16, 18:27:45.231, 92800096809, vstest.console.dll, TestRequestSender.SetOperationComplete: Setting operation complete.
TpTrace Information: 0 : 8464, 14, 2023/11/16, 18:27:45.231, 92800096990, vstest.console.dll, SocketServer.Stop: Stop server endPoint: 127.0.0.1:50707
TpTrace Information: 0 : 8464, 14, 2023/11/16, 18:27:45.231, 92800097202, vstest.console.dll, SocketServer.Stop: Cancellation requested. Stopping message loop.
TpTrace Verbose: 0 : 8464, 1, 2023/11/16, 18:27:45.231, 92800097329, vstest.console.dll, TestRunRequest.Dispose: Starting.
TpTrace Information: 0 : 8464, 1, 2023/11/16, 18:27:45.231, 92800098136, vstest.console.dll, TestRunRequest.Dispose: Completed.
TpTrace Verbose: 0 : 8464, 14, 2023/11/16, 18:27:45.231, 92800097411, vstest.console.dll, MulticastDelegateUtilities.SafeInvoke: LengthPrefixCommunicationChannel: MessageReceived: Invoking callback 1/1 for Microsoft.VisualStudio.TestPlatform.CommunicationUtilities.TestRequestSender+<>c__DisplayClass34_0., took 91 ms.
TpTrace Information: 0 : 8464, 14, 2023/11/16, 18:27:45.231, 92800099033, vstest.console.dll, SocketServer.PrivateStop: Stopping server endPoint: 127.0.0.1:50707 error: 
TpTrace Information: 0 : 8464, 1, 2023/11/16, 18:27:45.232, 92800099860, vstest.console.dll, TestRequestManager.RunTests: run tests completed.
TpTrace Information: 0 : 8464, 1, 2023/11/16, 18:27:45.232, 92800100717, vstest.console.dll, RunTestsArgumentProcessor:Execute: Test run is completed.
TpTrace Verbose: 0 : 8464, 1, 2023/11/16, 18:27:45.232, 92800102535, vstest.console.dll, Executor.Execute: Exiting with exit code of 0
TpTrace Verbose: 0 : 8464, 14, 2023/11/16, 18:27:45.232, 92800103030, vstest.console.dll, LengthPrefixCommunicationChannel.Dispose: Dispose reader and writer.
TpTrace Information: 0 : 8464, 14, 2023/11/16, 18:27:45.232, 92800103761, vstest.console.dll, SocketServer.Stop: Raise disconnected event endPoint: 127.0.0.1:50707 error: 
TpTrace Verbose: 0 : 8464, 14, 2023/11/16, 18:27:45.232, 92800104413, vstest.console.dll, TestRequestSender: OnTestRunAbort: Operation is already complete. Skip error message.
TpTrace Verbose: 0 : 8464, 14, 2023/11/16, 18:27:45.232, 92800104751, vstest.console.dll, MulticastDelegateUtilities.SafeInvoke: SocketServer: ClientDisconnected: Invoking callback 1/1 for Microsoft.VisualStudio.TestPlatform.CommunicationUtilities.TestRequestSender., took 0 ms.
TpTrace Verbose: 0 : 8464, 14, 2023/11/16, 18:27:45.232, 92800105096, vstest.console.dll, TcpClientExtensions.MessageLoopAsync: exiting MessageLoopAsync remoteEndPoint: 127.0.0.1:50708 localEndPoint: 127.0.0.1:50707
